INFO: Running with entropic power schedule (0xFF, 100).
INFO: Seed: 2361538455
INFO: Loaded 1 modules   (368641 inline 8-bit counters): 368641 [0x55df32761000, 0x55df327bb001), 
INFO: Loaded 1 PC tables (368641 PCs): 368641 [0x55df327bb008,0x55df32d5b018), 
MERGE-OUTER: 1098 files, 0 in the initial corpus, 0 processed earlier
MERGE-OUTER: attempt 1
INFO: Running with entropic power schedule (0xFF, 100).
INFO: Seed: 2361567694
INFO: Loaded 1 modules   (368641 inline 8-bit counters): 368641 [0x55e4d8953000, 0x55e4d89ad001), 
INFO: Loaded 1 PC tables (368641 PCs): 368641 [0x55e4d89ad008,0x55e4d8f4d018), 
INFO: -max_len is not provided; libFuzzer will not generate inputs larger than 1048576 bytes
MERGE-INNER: using the control file '/tmp/libFuzzerTemp.Merge595.txt'
MERGE-INNER: 1098 total files; 0 processed earlier; will process 1098 files now
#1	pulse  cov: 549 ft: 550 exec/s: 0 rss: 53Mb
#2	pulse  cov: 560 ft: 570 exec/s: 0 rss: 54Mb
#4	pulse  cov: 748 ft: 996 exec/s: 0 rss: 54Mb
#8	pulse  cov: 749 ft: 1165 exec/s: 0 rss: 54Mb
#16	pulse  cov: 810 ft: 1691 exec/s: 0 rss: 55Mb
#32	pulse  cov: 1074 ft: 2630 exec/s: 0 rss: 56Mb
#64	pulse  cov: 1134 ft: 3366 exec/s: 0 rss: 57Mb
#128	pulse  cov: 1326 ft: 5411 exec/s: 0 rss: 61Mb
#256	pulse  cov: 1376 ft: 6699 exec/s: 0 rss: 69Mb
#512	pulse  cov: 1390 ft: 8696 exec/s: 0 rss: 76Mb
#1024	pulse  cov: 1441 ft: 9776 exec/s: 204 rss: 80Mb
#1098	DONE   cov: 1441 ft: 9793 exec/s: 183 rss: 82Mb
MERGE-OUTER: successful in 1 attempt(s)
MERGE-OUTER: the control file has 202324 bytes
MERGE-OUTER: consumed 0Mb (55Mb rss) to parse the control file
MERGE-OUTER: 659 new files with 9793 new features added; 1441 new coverage edges
