INFO: Running with entropic power schedule (0xFF, 100).
INFO: Seed: 4081832199
INFO: Loaded 1 modules   (244824 inline 8-bit counters): 244824 [0x55db3fb04740, 0x55db3fb40398), 
INFO: Loaded 1 PC tables (244824 PCs): 244824 [0x55db3fb40398,0x55db3fefc918), 
MERGE-OUTER: 1080 files, 0 in the initial corpus, 0 processed earlier
MERGE-OUTER: attempt 1
INFO: Running with entropic power schedule (0xFF, 100).
INFO: Seed: 4081864974
INFO: Loaded 1 modules   (244824 inline 8-bit counters): 244824 [0x5562c0112740, 0x5562c014e398), 
INFO: Loaded 1 PC tables (244824 PCs): 244824 [0x5562c014e398,0x5562c050a918), 
INFO: -max_len is not provided; libFuzzer will not generate inputs larger than 1048576 bytes
MERGE-INNER: using the control file '/tmp/libFuzzerTemp.Merge122.txt'
MERGE-INNER: 1080 total files; 0 processed earlier; will process 1080 files now
#1	pulse  cov: 13 ft: 14 exec/s: 0 rss: 43Mb
#2	pulse  cov: 93 ft: 95 exec/s: 0 rss: 43Mb
#4	pulse  cov: 765 ft: 774 exec/s: 0 rss: 46Mb
#8	pulse  cov: 776 ft: 865 exec/s: 0 rss: 47Mb
#16	pulse  cov: 816 ft: 993 exec/s: 0 rss: 48Mb
#32	pulse  cov: 857 ft: 1263 exec/s: 0 rss: 49Mb
#64	pulse  cov: 897 ft: 1414 exec/s: 0 rss: 51Mb
#128	pulse  cov: 931 ft: 1855 exec/s: 0 rss: 54Mb
#256	pulse  cov: 1308 ft: 6348 exec/s: 0 rss: 67Mb
#512	pulse  cov: 1321 ft: 7919 exec/s: 0 rss: 69Mb
#1024	pulse  cov: 1333 ft: 9092 exec/s: 113 rss: 73Mb
#1080	DONE   cov: 1336 ft: 9134 exec/s: 90 rss: 73Mb
MERGE-OUTER: successful in 1 attempt(s)
MERGE-OUTER: the control file has 194375 bytes
MERGE-OUTER: consumed 0Mb (46Mb rss) to parse the control file
MERGE-OUTER: 578 new files with 9134 new features added; 1336 new coverage edges
