INFO: Running with entropic power schedule (0xFF, 100).
INFO: Seed: 2017872386
INFO: Loaded 1 modules   (11681 inline 8-bit counters): 11681 [0x55b919fb3a00, 0x55b919fb67a1), 
INFO: Loaded 1 PC tables (11681 PCs): 11681 [0x55b919fb67a8,0x55b919fe41b8), 
MERGE-OUTER: 200 files, 0 in the initial corpus, 0 processed earlier
MERGE-OUTER: attempt 1
INFO: Running with entropic power schedule (0xFF, 100).
INFO: Seed: 2017888112
INFO: Loaded 1 modules   (11681 inline 8-bit counters): 11681 [0x55a735011a00, 0x55a7350147a1), 
INFO: Loaded 1 PC tables (11681 PCs): 11681 [0x55a7350147a8,0x55a7350421b8), 
INFO: -max_len is not provided; libFuzzer will not generate inputs larger than 1048576 bytes
MERGE-INNER: using the control file '/tmp/libFuzzerTemp.Merge421.txt'
MERGE-INNER: 200 total files; 0 processed earlier; will process 200 files now
#1	pulse  cov: 51 ft: 52 exec/s: 0 rss: 33Mb
#2	pulse  cov: 134 ft: 148 exec/s: 0 rss: 34Mb
#4	pulse  cov: 138 ft: 153 exec/s: 0 rss: 34Mb
#8	pulse  cov: 175 ft: 236 exec/s: 0 rss: 34Mb
#16	pulse  cov: 200 ft: 370 exec/s: 0 rss: 34Mb
#32	pulse  cov: 214 ft: 497 exec/s: 0 rss: 35Mb
#64	pulse  cov: 230 ft: 653 exec/s: 0 rss: 35Mb
#128	pulse  cov: 238 ft: 850 exec/s: 0 rss: 37Mb
#200	DONE   cov: 238 ft: 1034 exec/s: 0 rss: 39Mb
MERGE-OUTER: successful in 1 attempt(s)
MERGE-OUTER: the control file has 31203 bytes
MERGE-OUTER: consumed 0Mb (37Mb rss) to parse the control file
MERGE-OUTER: 179 new files with 1034 new features added; 238 new coverage edges
