INFO: Running with entropic power schedule (0xFF, 100).
INFO: Seed: 1105420183
INFO: Loaded 1 modules   (515724 inline 8-bit counters): 515724 [0x558b482e5b60, 0x558b483639ec), 
INFO: Loaded 1 PC tables (515724 PCs): 515724 [0x558b483639f0,0x558b48b422b0), 
MERGE-OUTER: 391 files, 0 in the initial corpus, 0 processed earlier
MERGE-OUTER: attempt 1
INFO: Running with entropic power schedule (0xFF, 100).
INFO: Seed: 1105439153
INFO: Loaded 1 modules   (515724 inline 8-bit counters): 515724 [0x55dbc203db60, 0x55dbc20bb9ec), 
INFO: Loaded 1 PC tables (515724 PCs): 515724 [0x55dbc20bb9f0,0x55dbc289a2b0), 
INFO: -max_len is not provided; libFuzzer will not generate inputs larger than 1048576 bytes
MERGE-INNER: using the control file '/tmp/libFuzzerTemp.Merge822.txt'
MERGE-INNER: 391 total files; 0 processed earlier; will process 391 files now
#1	pulse  cov: 43 ft: 44 exec/s: 0 rss: 57Mb
#2	pulse  cov: 817 ft: 819 exec/s: 0 rss: 59Mb
#4	pulse  cov: 868 ft: 903 exec/s: 0 rss: 60Mb
#8	pulse  cov: 974 ft: 1130 exec/s: 0 rss: 60Mb
#16	pulse  cov: 1052 ft: 1328 exec/s: 0 rss: 61Mb
#32	pulse  cov: 1155 ft: 1513 exec/s: 0 rss: 61Mb
#64	pulse  cov: 1328 ft: 1948 exec/s: 0 rss: 62Mb
#128	pulse  cov: 1412 ft: 2591 exec/s: 0 rss: 63Mb
#256	pulse  cov: 1476 ft: 4022 exec/s: 0 rss: 66Mb
#391	DONE   cov: 1496 ft: 5320 exec/s: 0 rss: 73Mb
MERGE-OUTER: successful in 1 attempt(s)
MERGE-OUTER: the control file has 94097 bytes
MERGE-OUTER: consumed 0Mb (59Mb rss) to parse the control file
MERGE-OUTER: 373 new files with 5320 new features added; 1496 new coverage edges
