INFO: Running with entropic power schedule (0xFF, 100).
INFO: Seed: 4154496286
INFO: Loaded 1 modules   (19470 inline 8-bit counters): 19470 [0x55b306188040, 0x55b30618cc4e), 
INFO: Loaded 1 PC tables (19470 PCs): 19470 [0x55b30618cc50,0x55b3061d8d30), 
MERGE-OUTER: 516 files, 0 in the initial corpus, 0 processed earlier
MERGE-OUTER: attempt 1
INFO: Running with entropic power schedule (0xFF, 100).
INFO: Seed: 4154514744
INFO: Loaded 1 modules   (19470 inline 8-bit counters): 19470 [0x56056b466040, 0x56056b46ac4e), 
INFO: Loaded 1 PC tables (19470 PCs): 19470 [0x56056b46ac50,0x56056b4b6d30), 
INFO: -max_len is not provided; libFuzzer will not generate inputs larger than 1048576 bytes
MERGE-INNER: using the control file '/tmp/libFuzzerTemp.Merge435.txt'
MERGE-INNER: 516 total files; 0 processed earlier; will process 516 files now
#1	pulse  cov: 16 ft: 17 exec/s: 0 rss: 35Mb
#2	pulse  cov: 250 ft: 252 exec/s: 0 rss: 36Mb
#4	pulse  cov: 387 ft: 425 exec/s: 0 rss: 36Mb
#8	pulse  cov: 403 ft: 482 exec/s: 0 rss: 36Mb
#16	pulse  cov: 474 ft: 620 exec/s: 0 rss: 37Mb
#32	pulse  cov: 547 ft: 848 exec/s: 0 rss: 37Mb
#64	pulse  cov: 573 ft: 1155 exec/s: 0 rss: 38Mb
#128	pulse  cov: 589 ft: 1563 exec/s: 0 rss: 39Mb
#256	pulse  cov: 721 ft: 2466 exec/s: 0 rss: 41Mb
#512	pulse  cov: 838 ft: 4126 exec/s: 0 rss: 51Mb
#516	DONE   cov: 838 ft: 4133 exec/s: 0 rss: 51Mb
MERGE-OUTER: successful in 1 attempt(s)
MERGE-OUTER: the control file has 93271 bytes
MERGE-OUTER: consumed 0Mb (36Mb rss) to parse the control file
MERGE-OUTER: 447 new files with 4133 new features added; 838 new coverage edges
