INFO: Running with entropic power schedule (0xFF, 100).
INFO: Seed: 1579331212
INFO: Loaded 1 modules   (499764 inline 8-bit counters): 499764 [0x5633dc2229d0, 0x5633dc29ca04), 
INFO: Loaded 1 PC tables (499764 PCs): 499764 [0x5633dc29ca08,0x5633dca3cd48), 
MERGE-OUTER: 554 files, 0 in the initial corpus, 0 processed earlier
MERGE-OUTER: attempt 1
INFO: Running with entropic power schedule (0xFF, 100).
INFO: Seed: 1579358380
INFO: Loaded 1 modules   (499764 inline 8-bit counters): 499764 [0x560e680b49d0, 0x560e6812ea04), 
INFO: Loaded 1 PC tables (499764 PCs): 499764 [0x560e6812ea08,0x560e688ced48), 
INFO: -max_len is not provided; libFuzzer will not generate inputs larger than 1048576 bytes
MERGE-INNER: using the control file '/tmp/libFuzzerTemp.Merge538.txt'
MERGE-INNER: 554 total files; 0 processed earlier; will process 554 files now
#1	pulse  cov: 82 ft: 83 exec/s: 0 rss: 56Mb
#2	pulse  cov: 112 ft: 125 exec/s: 0 rss: 57Mb
#4	pulse  cov: 132 ft: 156 exec/s: 0 rss: 57Mb
#8	pulse  cov: 139 ft: 164 exec/s: 0 rss: 57Mb
#16	pulse  cov: 178 ft: 219 exec/s: 0 rss: 57Mb
#32	pulse  cov: 210 ft: 261 exec/s: 0 rss: 57Mb
#64	pulse  cov: 309 ft: 415 exec/s: 0 rss: 58Mb
#128	pulse  cov: 550 ft: 781 exec/s: 0 rss: 60Mb
#256	pulse  cov: 1159 ft: 2078 exec/s: 0 rss: 64Mb
#512	pulse  cov: 1382 ft: 3694 exec/s: 0 rss: 68Mb
#554	DONE   cov: 1383 ft: 3893 exec/s: 0 rss: 68Mb
MERGE-OUTER: successful in 1 attempt(s)
MERGE-OUTER: the control file has 99702 bytes
MERGE-OUTER: consumed 0Mb (58Mb rss) to parse the control file
MERGE-OUTER: 505 new files with 3893 new features added; 1383 new coverage edges
