INFO: Running with entropic power schedule (0xFF, 100).
INFO: Seed: 4001319497
INFO: Loaded 1 modules   (15524 inline 8-bit counters): 15524 [0x55d5d4bc4920, 0x55d5d4bc85c4), 
INFO: Loaded 1 PC tables (15524 PCs): 15524 [0x55d5d4bc85c8,0x55d5d4c05008), 
MERGE-OUTER: 264 files, 0 in the initial corpus, 0 processed earlier
MERGE-OUTER: attempt 1
INFO: Running with entropic power schedule (0xFF, 100).
INFO: Seed: 4001333854
INFO: Loaded 1 modules   (15524 inline 8-bit counters): 15524 [0x5631ca934920, 0x5631ca9385c4), 
INFO: Loaded 1 PC tables (15524 PCs): 15524 [0x5631ca9385c8,0x5631ca975008), 
INFO: -max_len is not provided; libFuzzer will not generate inputs larger than 1048576 bytes
MERGE-INNER: using the control file '/tmp/libFuzzerTemp.Merge410.txt'
MERGE-INNER: 264 total files; 0 processed earlier; will process 264 files now
#1	pulse  cov: 21 ft: 22 exec/s: 0 rss: 36Mb
#2	pulse  cov: 454 ft: 456 exec/s: 0 rss: 37Mb
#4	pulse  cov: 491 ft: 604 exec/s: 0 rss: 38Mb
#8	pulse  cov: 492 ft: 720 exec/s: 0 rss: 38Mb
#16	pulse  cov: 528 ft: 889 exec/s: 0 rss: 38Mb
#32	pulse  cov: 565 ft: 1199 exec/s: 0 rss: 38Mb
#64	pulse  cov: 586 ft: 1401 exec/s: 0 rss: 39Mb
#128	pulse  cov: 615 ft: 1777 exec/s: 0 rss: 41Mb
#256	pulse  cov: 630 ft: 2244 exec/s: 0 rss: 47Mb
#264	DONE   cov: 630 ft: 2262 exec/s: 0 rss: 48Mb
MERGE-OUTER: successful in 1 attempt(s)
MERGE-OUTER: the control file has 47836 bytes
MERGE-OUTER: consumed 0Mb (35Mb rss) to parse the control file
MERGE-OUTER: 260 new files with 2262 new features added; 630 new coverage edges
