INFO: Running with entropic power schedule (0xFF, 100).
INFO: Seed: 4038562464
INFO: Loaded 1 modules   (921988 inline 8-bit counters): 921988 [0x5599bb04fba0, 0x5599bb130d24), 
INFO: Loaded 1 PC tables (921988 PCs): 921988 [0x5599bb130d28,0x5599bbf42568), 
MERGE-OUTER: 318 files, 0 in the initial corpus, 0 processed earlier
MERGE-OUTER: attempt 1
INFO: Running with entropic power schedule (0xFF, 100).
INFO: Seed: 4038619530
INFO: Loaded 1 modules   (921988 inline 8-bit counters): 921988 [0x5558eaa0fba0, 0x5558eaaf0d24), 
INFO: Loaded 1 PC tables (921988 PCs): 921988 [0x5558eaaf0d28,0x5558eb902568), 
INFO: -max_len is not provided; libFuzzer will not generate inputs larger than 1048576 bytes
MERGE-INNER: using the control file '/tmp/libFuzzerTemp.Merge8013.txt'
MERGE-INNER: 318 total files; 0 processed earlier; will process 318 files now
[2022-12-16T11:04:58Z DEBUG fvm::machine::default] initializing a new machine, epoch=0, base_fee=0.0000000000000001, nv=V18, root=bafy2bzaceakdglitbiouhirqmrr36ibbx4ber4qrw2kuf4p7c3vya36exx3mg
[2022-12-16T11:04:58Z TRACE fvm::gas] charging gas: OnBlockCreate 0
#1	pulse  cov: 5053 ft: 5054 exec/s: 0 rss: 119Mb
[2022-12-16T11:04:58Z DEBUG fvm::machine::default] initializing a new machine, epoch=0, base_fee=0.0000000000000001, nv=V18, root=bafy2bzaceakdglitbiouhirqmrr36ibbx4ber4qrw2kuf4p7c3vya36exx3mg
[2022-12-16T11:04:58Z TRACE fvm::gas] charging gas: OnBlockCreate 0
#2	pulse  cov: 5108 ft: 5175 exec/s: 0 rss: 130Mb
[2022-12-16T11:04:58Z DEBUG fvm::machine::default] initializing a new machine, epoch=0, base_fee=0.0000000000000001, nv=V18, root=bafy2bzaceakdglitbiouhirqmrr36ibbx4ber4qrw2kuf4p7c3vya36exx3mg
[2022-12-16T11:04:58Z TRACE fvm::gas] charging gas: OnBlockCreate 0
[2022-12-16T11:04:58Z DEBUG fvm::machine::default] initializing a new machine, epoch=0, base_fee=0.0000000000000001, nv=V18, root=bafy2bzaceakdglitbiouhirqmrr36ibbx4ber4qrw2kuf4p7c3vya36exx3mg
[2022-12-16T11:04:58Z TRACE fvm::gas] charging gas: OnBlockCreate 0
#4	pulse  cov: 5118 ft: 5234 exec/s: 0 rss: 130Mb
[2022-12-16T11:04:58Z DEBUG fvm::machine::default] initializing a new machine, epoch=0, base_fee=0.0000000000000001, nv=V18, root=bafy2bzaceakdglitbiouhirqmrr36ibbx4ber4qrw2kuf4p7c3vya36exx3mg
[2022-12-16T11:04:58Z TRACE fvm::gas] charging gas: OnBlockCreate 0
[2022-12-16T11:04:58Z DEBUG fvm::machine::default] initializing a new machine, epoch=0, base_fee=0.0000000000000001, nv=V18, root=bafy2bzaceakdglitbiouhirqmrr36ibbx4ber4qrw2kuf4p7c3vya36exx3mg
[2022-12-16T11:04:58Z TRACE fvm::gas] charging gas: OnBlockCreate 0
[2022-12-16T11:04:58Z DEBUG fvm::machine::default] initializing a new machine, epoch=0, base_fee=0.0000000000000001, nv=V18, root=bafy2bzaceakdglitbiouhirqmrr36ibbx4ber4qrw2kuf4p7c3vya36exx3mg
[2022-12-16T11:04:58Z TRACE fvm::gas] charging gas: OnBlockCreate 0
[2022-12-16T11:04:58Z DEBUG fvm::machine::default] initializing a new machine, epoch=0, base_fee=0.0000000000000001, nv=V18, root=bafy2bzaceakdglitbiouhirqmrr36ibbx4ber4qrw2kuf4p7c3vya36exx3mg
[2022-12-16T11:04:58Z TRACE fvm::gas] charging gas: OnBlockCreate 0
#8	pulse  cov: 5128 ft: 5291 exec/s: 0 rss: 130Mb
[2022-12-16T11:04:58Z DEBUG fvm::machine::default] initializing a new machine, epoch=0, base_fee=0.0000000000000001, nv=V18, root=bafy2bzaceakdglitbiouhirqmrr36ibbx4ber4qrw2kuf4p7c3vya36exx3mg
[2022-12-16T11:04:58Z TRACE fvm::gas] charging gas: OnBlockCreate 0
[2022-12-16T11:04:58Z DEBUG fvm::machine::default] initializing a new machine, epoch=0, base_fee=0.0000000000000001, nv=V18, root=bafy2bzaceakdglitbiouhirqmrr36ibbx4ber4qrw2kuf4p7c3vya36exx3mg
[2022-12-16T11:04:58Z TRACE fvm::gas] charging gas: OnBlockCreate 0
[2022-12-16T11:04:58Z DEBUG fvm::machine::default] initializing a new machine, epoch=0, base_fee=0.0000000000000001, nv=V18, root=bafy2bzaceakdglitbiouhirqmrr36ibbx4ber4qrw2kuf4p7c3vya36exx3mg
[2022-12-16T11:04:58Z TRACE fvm::gas] charging gas: OnBlockCreate 0
[2022-12-16T11:04:59Z DEBUG fvm::machine::default] initializing a new machine, epoch=0, base_fee=0.0000000000000001, nv=V18, root=bafy2bzaceakdglitbiouhirqmrr36ibbx4ber4qrw2kuf4p7c3vya36exx3mg
[2022-12-16T11:04:59Z TRACE fvm::gas] charging gas: OnBlockCreate 0
[2022-12-16T11:04:59Z DEBUG fvm::machine::default] initializing a new machine, epoch=0, base_fee=0.0000000000000001, nv=V18, root=bafy2bzaceakdglitbiouhirqmrr36ibbx4ber4qrw2kuf4p7c3vya36exx3mg
[2022-12-16T11:04:59Z TRACE fvm::gas] charging gas: OnBlockCreate 0
[2022-12-16T11:04:59Z DEBUG fvm::machine::default] initializing a new machine, epoch=0, base_fee=0.0000000000000001, nv=V18, root=bafy2bzaceakdglitbiouhirqmrr36ibbx4ber4qrw2kuf4p7c3vya36exx3mg
[2022-12-16T11:04:59Z TRACE fvm::gas] charging gas: OnBlockCreate 0
[2022-12-16T11:04:59Z DEBUG fvm::machine::default] initializing a new machine, epoch=0, base_fee=0.0000000000000001, nv=V18, root=bafy2bzaceakdglitbiouhirqmrr36ibbx4ber4qrw2kuf4p7c3vya36exx3mg
[2022-12-16T11:04:59Z TRACE fvm::gas] charging gas: OnBlockCreate 0
[2022-12-16T11:04:59Z DEBUG fvm::machine::default] initializing a new machine, epoch=0, base_fee=0.0000000000000001, nv=V18, root=bafy2bzaceakdglitbiouhirqmrr36ibbx4ber4qrw2kuf4p7c3vya36exx3mg
[2022-12-16T11:04:59Z TRACE fvm::gas] charging gas: OnBlockCreate 0
#16	pulse  cov: 5132 ft: 5319 exec/s: 0 rss: 130Mb
[2022-12-16T11:04:59Z DEBUG fvm::machine::default] initializing a new machine, epoch=0, base_fee=0.0000000000000001, nv=V18, root=bafy2bzaceakdglitbiouhirqmrr36ibbx4ber4qrw2kuf4p7c3vya36exx3mg
[2022-12-16T11:04:59Z TRACE fvm::gas] charging gas: OnBlockCreate 0
[2022-12-16T11:04:59Z DEBUG fvm::machine::default] initializing a new machine, epoch=0, base_fee=0.0000000000000001, nv=V18, root=bafy2bzaceakdglitbiouhirqmrr36ibbx4ber4qrw2kuf4p7c3vya36exx3mg
[2022-12-16T11:04:59Z TRACE fvm::gas] charging gas: OnBlockCreate 0
[2022-12-16T11:04:59Z DEBUG fvm::machine::default] initializing a new machine, epoch=0, base_fee=0.0000000000000001, nv=V18, root=bafy2bzaceakdglitbiouhirqmrr36ibbx4ber4qrw2kuf4p7c3vya36exx3mg
[2022-12-16T11:04:59Z TRACE fvm::gas] charging gas: OnBlockCreate 0
[2022-12-16T11:04:59Z DEBUG fvm::machine::default] initializing a new machine, epoch=0, base_fee=0.0000000000000001, nv=V18, root=bafy2bzaceakdglitbiouhirqmrr36ibbx4ber4qrw2kuf4p7c3vya36exx3mg
[2022-12-16T11:04:59Z TRACE fvm::gas] charging gas: OnBlockCreate 0
[2022-12-16T11:04:59Z DEBUG fvm::machine::default] initializing a new machine, epoch=0, base_fee=0.0000000000000001, nv=V18, root=bafy2bzaceakdglitbiouhirqmrr36ibbx4ber4qrw2kuf4p7c3vya36exx3mg
[2022-12-16T11:04:59Z TRACE fvm::gas] charging gas: OnBlockCreate 0
[2022-12-16T11:04:59Z DEBUG fvm::machine::default] initializing a new machine, epoch=0, base_fee=0.0000000000000001, nv=V18, root=bafy2bzaceakdglitbiouhirqmrr36ibbx4ber4qrw2kuf4p7c3vya36exx3mg
[2022-12-16T11:04:59Z TRACE fvm::gas] charging gas: OnBlockCreate 0
[2022-12-16T11:04:59Z DEBUG fvm::machine::default] initializing a new machine, epoch=0, base_fee=0.0000000000000001, nv=V18, root=bafy2bzaceakdglitbiouhirqmrr36ibbx4ber4qrw2kuf4p7c3vya36exx3mg
[2022-12-16T11:04:59Z TRACE fvm::gas] charging gas: OnBlockCreate 0
[2022-12-16T11:04:59Z DEBUG fvm::machine::default] initializing a new machine, epoch=0, base_fee=0.0000000000000001, nv=V18, root=bafy2bzaceakdglitbiouhirqmrr36ibbx4ber4qrw2kuf4p7c3vya36exx3mg
[2022-12-16T11:04:59Z TRACE fvm::gas] charging gas: OnBlockCreate 0
[2022-12-16T11:04:59Z DEBUG fvm::machine::default] initializing a new machine, epoch=0, base_fee=0.0000000000000001, nv=V18, root=bafy2bzaceakdglitbiouhirqmrr36ibbx4ber4qrw2kuf4p7c3vya36exx3mg
[2022-12-16T11:04:59Z TRACE fvm::gas] charging gas: OnBlockCreate 0
[2022-12-16T11:04:59Z DEBUG fvm::machine::default] initializing a new machine, epoch=0, base_fee=0.0000000000000001, nv=V18, root=bafy2bzaceakdglitbiouhirqmrr36ibbx4ber4qrw2kuf4p7c3vya36exx3mg
[2022-12-16T11:04:59Z TRACE fvm::gas] charging gas: OnBlockCreate 0
[2022-12-16T11:04:59Z DEBUG fvm::machine::default] initializing a new machine, epoch=0, base_fee=0.0000000000000001, nv=V18, root=bafy2bzaceakdglitbiouhirqmrr36ibbx4ber4qrw2kuf4p7c3vya36exx3mg
[2022-12-16T11:04:59Z TRACE fvm::gas] charging gas: OnBlockCreate 0
[2022-12-16T11:04:59Z DEBUG fvm::machine::default] initializing a new machine, epoch=0, base_fee=0.0000000000000001, nv=V18, root=bafy2bzaceakdglitbiouhirqmrr36ibbx4ber4qrw2kuf4p7c3vya36exx3mg
[2022-12-16T11:04:59Z TRACE fvm::gas] charging gas: OnBlockCreate 0
[2022-12-16T11:04:59Z DEBUG fvm::machine::default] initializing a new machine, epoch=0, base_fee=0.0000000000000001, nv=V18, root=bafy2bzaceakdglitbiouhirqmrr36ibbx4ber4qrw2kuf4p7c3vya36exx3mg
[2022-12-16T11:04:59Z TRACE fvm::gas] charging gas: OnBlockCreate 0
[2022-12-16T11:04:59Z DEBUG fvm::machine::default] initializing a new machine, epoch=0, base_fee=0.0000000000000001, nv=V18, root=bafy2bzaceakdglitbiouhirqmrr36ibbx4ber4qrw2kuf4p7c3vya36exx3mg
[2022-12-16T11:04:59Z TRACE fvm::gas] charging gas: OnBlockCreate 0
[2022-12-16T11:05:00Z DEBUG fvm::machine::default] initializing a new machine, epoch=0, base_fee=0.0000000000000001, nv=V18, root=bafy2bzaceakdglitbiouhirqmrr36ibbx4ber4qrw2kuf4p7c3vya36exx3mg
[2022-12-16T11:05:00Z TRACE fvm::gas] charging gas: OnBlockCreate 0
[2022-12-16T11:05:00Z DEBUG fvm::machine::default] initializing a new machine, epoch=0, base_fee=0.0000000000000001, nv=V18, root=bafy2bzaceakdglitbiouhirqmrr36ibbx4ber4qrw2kuf4p7c3vya36exx3mg
[2022-12-16T11:05:00Z TRACE fvm::gas] charging gas: OnBlockCreate 0
#32	pulse  cov: 5143 ft: 5359 exec/s: 32 rss: 130Mb
[2022-12-16T11:05:00Z DEBUG fvm::machine::default] initializing a new machine, epoch=0, base_fee=0.0000000000000001, nv=V18, root=bafy2bzaceakdglitbiouhirqmrr36ibbx4ber4qrw2kuf4p7c3vya36exx3mg
[2022-12-16T11:05:00Z TRACE fvm::gas] charging gas: OnBlockCreate 0
[2022-12-16T11:05:00Z DEBUG fvm::machine::default] initializing a new machine, epoch=0, base_fee=0.0000000000000001, nv=V18, root=bafy2bzaceakdglitbiouhirqmrr36ibbx4ber4qrw2kuf4p7c3vya36exx3mg
[2022-12-16T11:05:00Z TRACE fvm::gas] charging gas: OnBlockCreate 0
[2022-12-16T11:05:00Z DEBUG fvm::machine::default] initializing a new machine, epoch=0, base_fee=0.0000000000000001, nv=V18, root=bafy2bzaceakdglitbiouhirqmrr36ibbx4ber4qrw2kuf4p7c3vya36exx3mg
[2022-12-16T11:05:00Z TRACE fvm::gas] charging gas: OnBlockCreate 0
[2022-12-16T11:05:00Z DEBUG fvm::machine::default] initializing a new machine, epoch=0, base_fee=0.0000000000000001, nv=V18, root=bafy2bzaceakdglitbiouhirqmrr36ibbx4ber4qrw2kuf4p7c3vya36exx3mg
[2022-12-16T11:05:00Z TRACE fvm::gas] charging gas: OnBlockCreate 0
[2022-12-16T11:05:00Z DEBUG fvm::machine::default] initializing a new machine, epoch=0, base_fee=0.0000000000000001, nv=V18, root=bafy2bzaceakdglitbiouhirqmrr36ibbx4ber4qrw2kuf4p7c3vya36exx3mg
[2022-12-16T11:05:00Z TRACE fvm::gas] charging gas: OnBlockCreate 0
[2022-12-16T11:05:00Z DEBUG fvm::machine::default] initializing a new machine, epoch=0, base_fee=0.0000000000000001, nv=V18, root=bafy2bzaceakdglitbiouhirqmrr36ibbx4ber4qrw2kuf4p7c3vya36exx3mg
[2022-12-16T11:05:00Z TRACE fvm::gas] charging gas: OnBlockCreate 0
[2022-12-16T11:05:00Z DEBUG fvm::machine::default] initializing a new machine, epoch=0, base_fee=0.0000000000000001, nv=V18, root=bafy2bzaceakdglitbiouhirqmrr36ibbx4ber4qrw2kuf4p7c3vya36exx3mg
[2022-12-16T11:05:00Z TRACE fvm::gas] charging gas: OnBlockCreate 0
[2022-12-16T11:05:00Z DEBUG fvm::machine::default] initializing a new machine, epoch=0, base_fee=0.0000000000000001, nv=V18, root=bafy2bzaceakdglitbiouhirqmrr36ibbx4ber4qrw2kuf4p7c3vya36exx3mg
[2022-12-16T11:05:00Z TRACE fvm::gas] charging gas: OnBlockCreate 0
[2022-12-16T11:05:00Z DEBUG fvm::machine::default] initializing a new machine, epoch=0, base_fee=0.0000000000000001, nv=V18, root=bafy2bzaceakdglitbiouhirqmrr36ibbx4ber4qrw2kuf4p7c3vya36exx3mg
[2022-12-16T11:05:00Z TRACE fvm::gas] charging gas: OnBlockCreate 0
[2022-12-16T11:05:00Z DEBUG fvm::machine::default] initializing a new machine, epoch=0, base_fee=0.0000000000000001, nv=V18, root=bafy2bzaceakdglitbiouhirqmrr36ibbx4ber4qrw2kuf4p7c3vya36exx3mg
[2022-12-16T11:05:00Z TRACE fvm::gas] charging gas: OnBlockCreate 0
[2022-12-16T11:05:00Z DEBUG fvm::machine::default] initializing a new machine, epoch=0, base_fee=0.0000000000000001, nv=V18, root=bafy2bzaceakdglitbiouhirqmrr36ibbx4ber4qrw2kuf4p7c3vya36exx3mg
[2022-12-16T11:05:00Z TRACE fvm::gas] charging gas: OnBlockCreate 0
[2022-12-16T11:05:00Z DEBUG fvm::machine::default] initializing a new machine, epoch=0, base_fee=0.0000000000000001, nv=V18, root=bafy2bzaceakdglitbiouhirqmrr36ibbx4ber4qrw2kuf4p7c3vya36exx3mg
[2022-12-16T11:05:00Z TRACE fvm::gas] charging gas: OnBlockCreate 0
[2022-12-16T11:05:00Z DEBUG fvm::machine::default] initializing a new machine, epoch=0, base_fee=0.0000000000000001, nv=V18, root=bafy2bzaceakdglitbiouhirqmrr36ibbx4ber4qrw2kuf4p7c3vya36exx3mg
[2022-12-16T11:05:00Z TRACE fvm::gas] charging gas: OnBlockCreate 0
[2022-12-16T11:05:00Z DEBUG fvm::machine::default] initializing a new machine, epoch=0, base_fee=0.0000000000000001, nv=V18, root=bafy2bzaceakdglitbiouhirqmrr36ibbx4ber4qrw2kuf4p7c3vya36exx3mg
[2022-12-16T11:05:00Z TRACE fvm::gas] charging gas: OnBlockCreate 0
[2022-12-16T11:05:00Z DEBUG fvm::machine::default] initializing a new machine, epoch=0, base_fee=0.0000000000000001, nv=V18, root=bafy2bzaceakdglitbiouhirqmrr36ibbx4ber4qrw2kuf4p7c3vya36exx3mg
[2022-12-16T11:05:00Z TRACE fvm::gas] charging gas: OnBlockCreate 0
[2022-12-16T11:05:00Z DEBUG fvm::machine::default] initializing a new machine, epoch=0, base_fee=0.0000000000000001, nv=V18, root=bafy2bzaceakdglitbiouhirqmrr36ibbx4ber4qrw2kuf4p7c3vya36exx3mg
[2022-12-16T11:05:00Z TRACE fvm::gas] charging gas: OnBlockCreate 0
[2022-12-16T11:05:00Z DEBUG fvm::machine::default] initializing a new machine, epoch=0, base_fee=0.0000000000000001, nv=V18, root=bafy2bzaceakdglitbiouhirqmrr36ibbx4ber4qrw2kuf4p7c3vya36exx3mg
[2022-12-16T11:05:00Z TRACE fvm::gas] charging gas: OnBlockCreate 0
[2022-12-16T11:05:00Z DEBUG fvm::machine::default] initializing a new machine, epoch=0, base_fee=0.0000000000000001, nv=V18, root=bafy2bzaceakdglitbiouhirqmrr36ibbx4ber4qrw2kuf4p7c3vya36exx3mg
[2022-12-16T11:05:00Z TRACE fvm::gas] charging gas: OnBlockCreate 0
[2022-12-16T11:05:01Z DEBUG fvm::machine::default] initializing a new machine, epoch=0, base_fee=0.0000000000000001, nv=V18, root=bafy2bzaceakdglitbiouhirqmrr36ibbx4ber4qrw2kuf4p7c3vya36exx3mg
[2022-12-16T11:05:01Z TRACE fvm::gas] charging gas: OnBlockCreate 0
[2022-12-16T11:05:01Z DEBUG fvm::machine::default] initializing a new machine, epoch=0, base_fee=0.0000000000000001, nv=V18, root=bafy2bzaceakdglitbiouhirqmrr36ibbx4ber4qrw2kuf4p7c3vya36exx3mg
[2022-12-16T11:05:01Z TRACE fvm::gas] charging gas: OnBlockCreate 0
[2022-12-16T11:05:01Z DEBUG fvm::machine::default] initializing a new machine, epoch=0, base_fee=0.0000000000000001, nv=V18, root=bafy2bzaceakdglitbiouhirqmrr36ibbx4ber4qrw2kuf4p7c3vya36exx3mg
[2022-12-16T11:05:01Z TRACE fvm::gas] charging gas: OnBlockCreate 0
[2022-12-16T11:05:01Z DEBUG fvm::machine::default] initializing a new machine, epoch=0, base_fee=0.0000000000000001, nv=V18, root=bafy2bzaceakdglitbiouhirqmrr36ibbx4ber4qrw2kuf4p7c3vya36exx3mg
[2022-12-16T11:05:01Z TRACE fvm::gas] charging gas: OnBlockCreate 0
[2022-12-16T11:05:01Z DEBUG fvm::machine::default] initializing a new machine, epoch=0, base_fee=0.0000000000000001, nv=V18, root=bafy2bzaceakdglitbiouhirqmrr36ibbx4ber4qrw2kuf4p7c3vya36exx3mg
[2022-12-16T11:05:01Z TRACE fvm::gas] charging gas: OnBlockCreate 0
[2022-12-16T11:05:01Z DEBUG fvm::machine::default] initializing a new machine, epoch=0, base_fee=0.0000000000000001, nv=V18, root=bafy2bzaceakdglitbiouhirqmrr36ibbx4ber4qrw2kuf4p7c3vya36exx3mg
[2022-12-16T11:05:01Z TRACE fvm::gas] charging gas: OnBlockCreate 0
[2022-12-16T11:05:01Z DEBUG fvm::machine::default] initializing a new machine, epoch=0, base_fee=0.0000000000000001, nv=V18, root=bafy2bzaceakdglitbiouhirqmrr36ibbx4ber4qrw2kuf4p7c3vya36exx3mg
[2022-12-16T11:05:01Z TRACE fvm::gas] charging gas: OnBlockCreate 0
[2022-12-16T11:05:01Z DEBUG fvm::machine::default] initializing a new machine, epoch=0, base_fee=0.0000000000000001, nv=V18, root=bafy2bzaceakdglitbiouhirqmrr36ibbx4ber4qrw2kuf4p7c3vya36exx3mg
[2022-12-16T11:05:01Z TRACE fvm::gas] charging gas: OnBlockCreate 0
[2022-12-16T11:05:01Z DEBUG fvm::machine::default] initializing a new machine, epoch=0, base_fee=0.0000000000000001, nv=V18, root=bafy2bzaceakdglitbiouhirqmrr36ibbx4ber4qrw2kuf4p7c3vya36exx3mg
[2022-12-16T11:05:01Z TRACE fvm::gas] charging gas: OnBlockCreate 0
[2022-12-16T11:05:01Z DEBUG fvm::machine::default] initializing a new machine, epoch=0, base_fee=0.0000000000000001, nv=V18, root=bafy2bzaceakdglitbiouhirqmrr36ibbx4ber4qrw2kuf4p7c3vya36exx3mg
[2022-12-16T11:05:01Z TRACE fvm::gas] charging gas: OnBlockCreate 0
[2022-12-16T11:05:01Z DEBUG fvm::machine::default] initializing a new machine, epoch=0, base_fee=0.0000000000000001, nv=V18, root=bafy2bzaceakdglitbiouhirqmrr36ibbx4ber4qrw2kuf4p7c3vya36exx3mg
[2022-12-16T11:05:01Z TRACE fvm::gas] charging gas: OnBlockCreate 0
[2022-12-16T11:05:01Z DEBUG fvm::machine::default] initializing a new machine, epoch=0, base_fee=0.0000000000000001, nv=V18, root=bafy2bzaceakdglitbiouhirqmrr36ibbx4ber4qrw2kuf4p7c3vya36exx3mg
[2022-12-16T11:05:01Z TRACE fvm::gas] charging gas: OnBlockCreate 0
[2022-12-16T11:05:01Z DEBUG fvm::machine::default] initializing a new machine, epoch=0, base_fee=0.0000000000000001, nv=V18, root=bafy2bzaceakdglitbiouhirqmrr36ibbx4ber4qrw2kuf4p7c3vya36exx3mg
[2022-12-16T11:05:01Z TRACE fvm::gas] charging gas: OnBlockCreate 0
[2022-12-16T11:05:01Z DEBUG fvm::machine::default] initializing a new machine, epoch=0, base_fee=0.0000000000000001, nv=V18, root=bafy2bzaceakdglitbiouhirqmrr36ibbx4ber4qrw2kuf4p7c3vya36exx3mg
[2022-12-16T11:05:01Z TRACE fvm::gas] charging gas: OnBlockCreate 0
#64	pulse  cov: 5157 ft: 5392 exec/s: 21 rss: 130Mb
[2022-12-16T11:05:01Z DEBUG fvm::machine::default] initializing a new machine, epoch=0, base_fee=0.0000000000000001, nv=V18, root=bafy2bzaceakdglitbiouhirqmrr36ibbx4ber4qrw2kuf4p7c3vya36exx3mg
[2022-12-16T11:05:01Z TRACE fvm::gas] charging gas: OnBlockCreate 0
[2022-12-16T11:05:01Z DEBUG fvm::machine::default] initializing a new machine, epoch=0, base_fee=0.0000000000000001, nv=V18, root=bafy2bzaceakdglitbiouhirqmrr36ibbx4ber4qrw2kuf4p7c3vya36exx3mg
[2022-12-16T11:05:01Z TRACE fvm::gas] charging gas: OnBlockCreate 0
[2022-12-16T11:05:01Z DEBUG fvm::machine::default] initializing a new machine, epoch=0, base_fee=0.0000000000000001, nv=V18, root=bafy2bzaceakdglitbiouhirqmrr36ibbx4ber4qrw2kuf4p7c3vya36exx3mg
[2022-12-16T11:05:01Z TRACE fvm::gas] charging gas: OnBlockCreate 0
[2022-12-16T11:05:01Z DEBUG fvm::machine::default] initializing a new machine, epoch=0, base_fee=0.0000000000000001, nv=V18, root=bafy2bzaceakdglitbiouhirqmrr36ibbx4ber4qrw2kuf4p7c3vya36exx3mg
[2022-12-16T11:05:01Z TRACE fvm::gas] charging gas: OnBlockCreate 0
[2022-12-16T11:05:01Z DEBUG fvm::machine::default] initializing a new machine, epoch=0, base_fee=0.0000000000000001, nv=V18, root=bafy2bzaceakdglitbiouhirqmrr36ibbx4ber4qrw2kuf4p7c3vya36exx3mg
[2022-12-16T11:05:01Z TRACE fvm::gas] charging gas: OnBlockCreate 0
[2022-12-16T11:05:01Z DEBUG fvm::machine::default] initializing a new machine, epoch=0, base_fee=0.0000000000000001, nv=V18, root=bafy2bzaceakdglitbiouhirqmrr36ibbx4ber4qrw2kuf4p7c3vya36exx3mg
[2022-12-16T11:05:01Z TRACE fvm::gas] charging gas: OnBlockCreate 0
[2022-12-16T11:05:01Z DEBUG fvm::machine::default] initializing a new machine, epoch=0, base_fee=0.0000000000000001, nv=V18, root=bafy2bzaceakdglitbiouhirqmrr36ibbx4ber4qrw2kuf4p7c3vya36exx3mg
[2022-12-16T11:05:02Z TRACE fvm::gas] charging gas: OnBlockCreate 0
[2022-12-16T11:05:02Z DEBUG fvm::machine::default] initializing a new machine, epoch=0, base_fee=0.0000000000000001, nv=V18, root=bafy2bzaceakdglitbiouhirqmrr36ibbx4ber4qrw2kuf4p7c3vya36exx3mg
[2022-12-16T11:05:02Z TRACE fvm::gas] charging gas: OnBlockCreate 0
[2022-12-16T11:05:02Z DEBUG fvm::machine::default] initializing a new machine, epoch=0, base_fee=0.0000000000000001, nv=V18, root=bafy2bzaceakdglitbiouhirqmrr36ibbx4ber4qrw2kuf4p7c3vya36exx3mg
[2022-12-16T11:05:02Z TRACE fvm::gas] charging gas: OnBlockCreate 0
[2022-12-16T11:05:02Z DEBUG fvm::machine::default] initializing a new machine, epoch=0, base_fee=0.0000000000000001, nv=V18, root=bafy2bzaceakdglitbiouhirqmrr36ibbx4ber4qrw2kuf4p7c3vya36exx3mg
[2022-12-16T11:05:02Z TRACE fvm::gas] charging gas: OnBlockCreate 0
[2022-12-16T11:05:02Z DEBUG fvm::machine::default] initializing a new machine, epoch=0, base_fee=0.0000000000000001, nv=V18, root=bafy2bzaceakdglitbiouhirqmrr36ibbx4ber4qrw2kuf4p7c3vya36exx3mg
[2022-12-16T11:05:02Z TRACE fvm::gas] charging gas: OnBlockCreate 0
[2022-12-16T11:05:02Z DEBUG fvm::machine::default] initializing a new machine, epoch=0, base_fee=0.0000000000000001, nv=V18, root=bafy2bzaceakdglitbiouhirqmrr36ibbx4ber4qrw2kuf4p7c3vya36exx3mg
[2022-12-16T11:05:02Z TRACE fvm::gas] charging gas: OnBlockCreate 0
[2022-12-16T11:05:02Z DEBUG fvm::machine::default] initializing a new machine, epoch=0, base_fee=0.0000000000000001, nv=V18, root=bafy2bzaceakdglitbiouhirqmrr36ibbx4ber4qrw2kuf4p7c3vya36exx3mg
[2022-12-16T11:05:02Z TRACE fvm::gas] charging gas: OnBlockCreate 0
[2022-12-16T11:05:02Z DEBUG fvm::machine::default] initializing a new machine, epoch=0, base_fee=0.0000000000000001, nv=V18, root=bafy2bzaceakdglitbiouhirqmrr36ibbx4ber4qrw2kuf4p7c3vya36exx3mg
[2022-12-16T11:05:02Z TRACE fvm::gas] charging gas: OnBlockCreate 0
[2022-12-16T11:05:02Z DEBUG fvm::machine::default] initializing a new machine, epoch=0, base_fee=0.0000000000000001, nv=V18, root=bafy2bzaceakdglitbiouhirqmrr36ibbx4ber4qrw2kuf4p7c3vya36exx3mg
[2022-12-16T11:05:02Z TRACE fvm::gas] charging gas: OnBlockCreate 0
[2022-12-16T11:05:02Z DEBUG fvm::machine::default] initializing a new machine, epoch=0, base_fee=0.0000000000000001, nv=V18, root=bafy2bzaceakdglitbiouhirqmrr36ibbx4ber4qrw2kuf4p7c3vya36exx3mg
[2022-12-16T11:05:02Z TRACE fvm::gas] charging gas: OnBlockCreate 0
[2022-12-16T11:05:02Z DEBUG fvm::machine::default] initializing a new machine, epoch=0, base_fee=0.0000000000000001, nv=V18, root=bafy2bzaceakdglitbiouhirqmrr36ibbx4ber4qrw2kuf4p7c3vya36exx3mg
[2022-12-16T11:05:02Z TRACE fvm::gas] charging gas: OnBlockCreate 0
[2022-12-16T11:05:02Z DEBUG fvm::machine::default] initializing a new machine, epoch=0, base_fee=0.0000000000000001, nv=V18, root=bafy2bzaceakdglitbiouhirqmrr36ibbx4ber4qrw2kuf4p7c3vya36exx3mg
[2022-12-16T11:05:02Z TRACE fvm::gas] charging gas: OnBlockCreate 0
[2022-12-16T11:05:02Z DEBUG fvm::machine::default] initializing a new machine, epoch=0, base_fee=0.0000000000000001, nv=V18, root=bafy2bzaceakdglitbiouhirqmrr36ibbx4ber4qrw2kuf4p7c3vya36exx3mg
[2022-12-16T11:05:02Z TRACE fvm::gas] charging gas: OnBlockCreate 0
[2022-12-16T11:05:02Z DEBUG fvm::machine::default] initializing a new machine, epoch=0, base_fee=0.0000000000000001, nv=V18, root=bafy2bzaceakdglitbiouhirqmrr36ibbx4ber4qrw2kuf4p7c3vya36exx3mg
[2022-12-16T11:05:02Z TRACE fvm::gas] charging gas: OnBlockCreate 0
[2022-12-16T11:05:02Z DEBUG fvm::machine::default] initializing a new machine, epoch=0, base_fee=0.0000000000000001, nv=V18, root=bafy2bzaceakdglitbiouhirqmrr36ibbx4ber4qrw2kuf4p7c3vya36exx3mg
[2022-12-16T11:05:02Z TRACE fvm::gas] charging gas: OnBlockCreate 0
[2022-12-16T11:05:02Z DEBUG fvm::machine::default] initializing a new machine, epoch=0, base_fee=0.0000000000000001, nv=V18, root=bafy2bzaceakdglitbiouhirqmrr36ibbx4ber4qrw2kuf4p7c3vya36exx3mg
[2022-12-16T11:05:02Z TRACE fvm::gas] charging gas: OnBlockCreate 0
[2022-12-16T11:05:02Z DEBUG fvm::machine::default] initializing a new machine, epoch=0, base_fee=0.0000000000000001, nv=V18, root=bafy2bzaceakdglitbiouhirqmrr36ibbx4ber4qrw2kuf4p7c3vya36exx3mg
[2022-12-16T11:05:02Z TRACE fvm::gas] charging gas: OnBlockCreate 0
[2022-12-16T11:05:02Z DEBUG fvm::machine::default] initializing a new machine, epoch=0, base_fee=0.0000000000000001, nv=V18, root=bafy2bzaceakdglitbiouhirqmrr36ibbx4ber4qrw2kuf4p7c3vya36exx3mg
[2022-12-16T11:05:02Z TRACE fvm::gas] charging gas: OnBlockCreate 0
[2022-12-16T11:05:02Z DEBUG fvm::machine::default] initializing a new machine, epoch=0, base_fee=0.0000000000000001, nv=V18, root=bafy2bzaceakdglitbiouhirqmrr36ibbx4ber4qrw2kuf4p7c3vya36exx3mg
[2022-12-16T11:05:02Z TRACE fvm::gas] charging gas: OnBlockCreate 0
[2022-12-16T11:05:02Z DEBUG fvm::machine::default] initializing a new machine, epoch=0, base_fee=0.0000000000000001, nv=V18, root=bafy2bzaceakdglitbiouhirqmrr36ibbx4ber4qrw2kuf4p7c3vya36exx3mg
[2022-12-16T11:05:02Z TRACE fvm::gas] charging gas: OnBlockCreate 0
[2022-12-16T11:05:02Z DEBUG fvm::machine::default] initializing a new machine, epoch=0, base_fee=0.0000000000000001, nv=V18, root=bafy2bzaceakdglitbiouhirqmrr36ibbx4ber4qrw2kuf4p7c3vya36exx3mg
[2022-12-16T11:05:02Z TRACE fvm::gas] charging gas: OnBlockCreate 0
[2022-12-16T11:05:02Z DEBUG fvm::machine::default] initializing a new machine, epoch=0, base_fee=0.0000000000000001, nv=V18, root=bafy2bzaceakdglitbiouhirqmrr36ibbx4ber4qrw2kuf4p7c3vya36exx3mg
[2022-12-16T11:05:02Z TRACE fvm::gas] charging gas: OnBlockCreate 0
[2022-12-16T11:05:03Z DEBUG fvm::machine::default] initializing a new machine, epoch=0, base_fee=0.0000000000000001, nv=V18, root=bafy2bzaceakdglitbiouhirqmrr36ibbx4ber4qrw2kuf4p7c3vya36exx3mg
[2022-12-16T11:05:03Z TRACE fvm::gas] charging gas: OnBlockCreate 0
[2022-12-16T11:05:03Z DEBUG fvm::machine::default] initializing a new machine, epoch=0, base_fee=0.0000000000000001, nv=V18, root=bafy2bzaceakdglitbiouhirqmrr36ibbx4ber4qrw2kuf4p7c3vya36exx3mg
[2022-12-16T11:05:03Z TRACE fvm::gas] charging gas: OnBlockCreate 0
[2022-12-16T11:05:03Z DEBUG fvm::machine::default] initializing a new machine, epoch=0, base_fee=0.0000000000000001, nv=V18, root=bafy2bzaceakdglitbiouhirqmrr36ibbx4ber4qrw2kuf4p7c3vya36exx3mg
[2022-12-16T11:05:03Z TRACE fvm::gas] charging gas: OnBlockCreate 0
[2022-12-16T11:05:03Z DEBUG fvm::machine::default] initializing a new machine, epoch=0, base_fee=0.0000000000000001, nv=V18, root=bafy2bzaceakdglitbiouhirqmrr36ibbx4ber4qrw2kuf4p7c3vya36exx3mg
[2022-12-16T11:05:03Z TRACE fvm::gas] charging gas: OnBlockCreate 0
[2022-12-16T11:05:03Z DEBUG fvm::machine::default] initializing a new machine, epoch=0, base_fee=0.0000000000000001, nv=V18, root=bafy2bzaceakdglitbiouhirqmrr36ibbx4ber4qrw2kuf4p7c3vya36exx3mg
[2022-12-16T11:05:03Z TRACE fvm::gas] charging gas: OnBlockCreate 0
[2022-12-16T11:05:03Z DEBUG fvm::machine::default] initializing a new machine, epoch=0, base_fee=0.0000000000000001, nv=V18, root=bafy2bzaceakdglitbiouhirqmrr36ibbx4ber4qrw2kuf4p7c3vya36exx3mg
[2022-12-16T11:05:03Z TRACE fvm::gas] charging gas: OnBlockCreate 0
[2022-12-16T11:05:03Z DEBUG fvm::machine::default] initializing a new machine, epoch=0, base_fee=0.0000000000000001, nv=V18, root=bafy2bzaceakdglitbiouhirqmrr36ibbx4ber4qrw2kuf4p7c3vya36exx3mg
[2022-12-16T11:05:03Z TRACE fvm::gas] charging gas: OnBlockCreate 0
[2022-12-16T11:05:03Z DEBUG fvm::machine::default] initializing a new machine, epoch=0, base_fee=0.0000000000000001, nv=V18, root=bafy2bzaceakdglitbiouhirqmrr36ibbx4ber4qrw2kuf4p7c3vya36exx3mg
[2022-12-16T11:05:03Z TRACE fvm::gas] charging gas: OnBlockCreate 0
[2022-12-16T11:05:03Z DEBUG fvm::machine::default] initializing a new machine, epoch=0, base_fee=0.0000000000000001, nv=V18, root=bafy2bzaceakdglitbiouhirqmrr36ibbx4ber4qrw2kuf4p7c3vya36exx3mg
[2022-12-16T11:05:03Z TRACE fvm::gas] charging gas: OnBlockCreate 0
[2022-12-16T11:05:03Z DEBUG fvm::machine::default] initializing a new machine, epoch=0, base_fee=0.0000000000000001, nv=V18, root=bafy2bzaceakdglitbiouhirqmrr36ibbx4ber4qrw2kuf4p7c3vya36exx3mg
[2022-12-16T11:05:03Z TRACE fvm::gas] charging gas: OnBlockCreate 0
[2022-12-16T11:05:03Z DEBUG fvm::machine::default] initializing a new machine, epoch=0, base_fee=0.0000000000000001, nv=V18, root=bafy2bzaceakdglitbiouhirqmrr36ibbx4ber4qrw2kuf4p7c3vya36exx3mg
[2022-12-16T11:05:03Z TRACE fvm::gas] charging gas: OnBlockCreate 0
[2022-12-16T11:05:03Z DEBUG fvm::machine::default] initializing a new machine, epoch=0, base_fee=0.0000000000000001, nv=V18, root=bafy2bzaceakdglitbiouhirqmrr36ibbx4ber4qrw2kuf4p7c3vya36exx3mg
[2022-12-16T11:05:03Z TRACE fvm::gas] charging gas: OnBlockCreate 0
[2022-12-16T11:05:03Z DEBUG fvm::machine::default] initializing a new machine, epoch=0, base_fee=0.0000000000000001, nv=V18, root=bafy2bzaceakdglitbiouhirqmrr36ibbx4ber4qrw2kuf4p7c3vya36exx3mg
[2022-12-16T11:05:03Z TRACE fvm::gas] charging gas: OnBlockCreate 0
[2022-12-16T11:05:03Z DEBUG fvm::machine::default] initializing a new machine, epoch=0, base_fee=0.0000000000000001, nv=V18, root=bafy2bzaceakdglitbiouhirqmrr36ibbx4ber4qrw2kuf4p7c3vya36exx3mg
[2022-12-16T11:05:03Z TRACE fvm::gas] charging gas: OnBlockCreate 0
[2022-12-16T11:05:03Z DEBUG fvm::machine::default] initializing a new machine, epoch=0, base_fee=0.0000000000000001, nv=V18, root=bafy2bzaceakdglitbiouhirqmrr36ibbx4ber4qrw2kuf4p7c3vya36exx3mg
[2022-12-16T11:05:03Z TRACE fvm::gas] charging gas: OnBlockCreate 0
[2022-12-16T11:05:03Z DEBUG fvm::machine::default] initializing a new machine, epoch=0, base_fee=0.0000000000000001, nv=V18, root=bafy2bzaceakdglitbiouhirqmrr36ibbx4ber4qrw2kuf4p7c3vya36exx3mg
[2022-12-16T11:05:03Z TRACE fvm::gas] charging gas: OnBlockCreate 0
[2022-12-16T11:05:03Z DEBUG fvm::machine::default] initializing a new machine, epoch=0, base_fee=0.0000000000000001, nv=V18, root=bafy2bzaceakdglitbiouhirqmrr36ibbx4ber4qrw2kuf4p7c3vya36exx3mg
[2022-12-16T11:05:03Z TRACE fvm::gas] charging gas: OnBlockCreate 0
[2022-12-16T11:05:03Z DEBUG fvm::machine::default] initializing a new machine, epoch=0, base_fee=0.0000000000000001, nv=V18, root=bafy2bzaceakdglitbiouhirqmrr36ibbx4ber4qrw2kuf4p7c3vya36exx3mg
[2022-12-16T11:05:03Z TRACE fvm::gas] charging gas: OnBlockCreate 0
[2022-12-16T11:05:03Z DEBUG fvm::machine::default] initializing a new machine, epoch=0, base_fee=0.0000000000000001, nv=V18, root=bafy2bzaceakdglitbiouhirqmrr36ibbx4ber4qrw2kuf4p7c3vya36exx3mg
[2022-12-16T11:05:03Z TRACE fvm::gas] charging gas: OnBlockCreate 0
[2022-12-16T11:05:04Z DEBUG fvm::machine::default] initializing a new machine, epoch=0, base_fee=0.0000000000000001, nv=V18, root=bafy2bzaceakdglitbiouhirqmrr36ibbx4ber4qrw2kuf4p7c3vya36exx3mg
[2022-12-16T11:05:04Z TRACE fvm::gas] charging gas: OnBlockCreate 0
[2022-12-16T11:05:04Z DEBUG fvm::machine::default] initializing a new machine, epoch=0, base_fee=0.0000000000000001, nv=V18, root=bafy2bzaceakdglitbiouhirqmrr36ibbx4ber4qrw2kuf4p7c3vya36exx3mg
[2022-12-16T11:05:04Z TRACE fvm::gas] charging gas: OnBlockCreate 0
[2022-12-16T11:05:04Z DEBUG fvm::machine::default] initializing a new machine, epoch=0, base_fee=0.0000000000000001, nv=V18, root=bafy2bzaceakdglitbiouhirqmrr36ibbx4ber4qrw2kuf4p7c3vya36exx3mg
[2022-12-16T11:05:04Z TRACE fvm::gas] charging gas: OnBlockCreate 0
[2022-12-16T11:05:04Z DEBUG fvm::machine::default] initializing a new machine, epoch=0, base_fee=0.0000000000000001, nv=V18, root=bafy2bzaceakdglitbiouhirqmrr36ibbx4ber4qrw2kuf4p7c3vya36exx3mg
[2022-12-16T11:05:04Z TRACE fvm::gas] charging gas: OnBlockCreate 0
[2022-12-16T11:05:04Z DEBUG fvm::machine::default] initializing a new machine, epoch=0, base_fee=0.0000000000000001, nv=V18, root=bafy2bzaceakdglitbiouhirqmrr36ibbx4ber4qrw2kuf4p7c3vya36exx3mg
[2022-12-16T11:05:04Z TRACE fvm::gas] charging gas: OnBlockCreate 0
[2022-12-16T11:05:04Z DEBUG fvm::machine::default] initializing a new machine, epoch=0, base_fee=0.0000000000000001, nv=V18, root=bafy2bzaceakdglitbiouhirqmrr36ibbx4ber4qrw2kuf4p7c3vya36exx3mg
[2022-12-16T11:05:04Z TRACE fvm::gas] charging gas: OnBlockCreate 0
[2022-12-16T11:05:04Z DEBUG fvm::machine::default] initializing a new machine, epoch=0, base_fee=0.0000000000000001, nv=V18, root=bafy2bzaceakdglitbiouhirqmrr36ibbx4ber4qrw2kuf4p7c3vya36exx3mg
[2022-12-16T11:05:04Z TRACE fvm::gas] charging gas: OnBlockCreate 0
[2022-12-16T11:05:04Z DEBUG fvm::machine::default] initializing a new machine, epoch=0, base_fee=0.0000000000000001, nv=V18, root=bafy2bzaceakdglitbiouhirqmrr36ibbx4ber4qrw2kuf4p7c3vya36exx3mg
[2022-12-16T11:05:04Z TRACE fvm::gas] charging gas: OnBlockCreate 0
[2022-12-16T11:05:04Z DEBUG fvm::machine::default] initializing a new machine, epoch=0, base_fee=0.0000000000000001, nv=V18, root=bafy2bzaceakdglitbiouhirqmrr36ibbx4ber4qrw2kuf4p7c3vya36exx3mg
[2022-12-16T11:05:04Z TRACE fvm::gas] charging gas: OnBlockCreate 0
[2022-12-16T11:05:04Z DEBUG fvm::machine::default] initializing a new machine, epoch=0, base_fee=0.0000000000000001, nv=V18, root=bafy2bzaceakdglitbiouhirqmrr36ibbx4ber4qrw2kuf4p7c3vya36exx3mg
[2022-12-16T11:05:04Z TRACE fvm::gas] charging gas: OnBlockCreate 0
[2022-12-16T11:05:04Z DEBUG fvm::machine::default] initializing a new machine, epoch=0, base_fee=0.0000000000000001, nv=V18, root=bafy2bzaceakdglitbiouhirqmrr36ibbx4ber4qrw2kuf4p7c3vya36exx3mg
[2022-12-16T11:05:04Z TRACE fvm::gas] charging gas: OnBlockCreate 0
[2022-12-16T11:05:04Z DEBUG fvm::machine::default] initializing a new machine, epoch=0, base_fee=0.0000000000000001, nv=V18, root=bafy2bzaceakdglitbiouhirqmrr36ibbx4ber4qrw2kuf4p7c3vya36exx3mg
[2022-12-16T11:05:04Z TRACE fvm::gas] charging gas: OnBlockCreate 0
[2022-12-16T11:05:04Z DEBUG fvm::machine::default] initializing a new machine, epoch=0, base_fee=0.0000000000000001, nv=V18, root=bafy2bzaceakdglitbiouhirqmrr36ibbx4ber4qrw2kuf4p7c3vya36exx3mg
[2022-12-16T11:05:04Z TRACE fvm::gas] charging gas: OnBlockCreate 0
[2022-12-16T11:05:04Z DEBUG fvm::machine::default] initializing a new machine, epoch=0, base_fee=0.0000000000000001, nv=V18, root=bafy2bzaceakdglitbiouhirqmrr36ibbx4ber4qrw2kuf4p7c3vya36exx3mg
[2022-12-16T11:05:04Z TRACE fvm::gas] charging gas: OnBlockCreate 0
[2022-12-16T11:05:04Z DEBUG fvm::machine::default] initializing a new machine, epoch=0, base_fee=0.0000000000000001, nv=V18, root=bafy2bzaceakdglitbiouhirqmrr36ibbx4ber4qrw2kuf4p7c3vya36exx3mg
[2022-12-16T11:05:04Z TRACE fvm::gas] charging gas: OnBlockCreate 0
[2022-12-16T11:05:04Z DEBUG fvm::machine::default] initializing a new machine, epoch=0, base_fee=0.0000000000000001, nv=V18, root=bafy2bzaceakdglitbiouhirqmrr36ibbx4ber4qrw2kuf4p7c3vya36exx3mg
[2022-12-16T11:05:04Z TRACE fvm::gas] charging gas: OnBlockCreate 0
[2022-12-16T11:05:04Z DEBUG fvm::machine::default] initializing a new machine, epoch=0, base_fee=0.0000000000000001, nv=V18, root=bafy2bzaceakdglitbiouhirqmrr36ibbx4ber4qrw2kuf4p7c3vya36exx3mg
[2022-12-16T11:05:04Z TRACE fvm::gas] charging gas: OnBlockCreate 0
#128	pulse  cov: 5164 ft: 5431 exec/s: 21 rss: 130Mb
[2022-12-16T11:05:04Z DEBUG fvm::machine::default] initializing a new machine, epoch=0, base_fee=0.0000000000000001, nv=V18, root=bafy2bzaceakdglitbiouhirqmrr36ibbx4ber4qrw2kuf4p7c3vya36exx3mg
[2022-12-16T11:05:04Z TRACE fvm::gas] charging gas: OnBlockCreate 0
[2022-12-16T11:05:05Z DEBUG fvm::machine::default] initializing a new machine, epoch=0, base_fee=0.0000000000000001, nv=V18, root=bafy2bzaceakdglitbiouhirqmrr36ibbx4ber4qrw2kuf4p7c3vya36exx3mg
[2022-12-16T11:05:05Z TRACE fvm::gas] charging gas: OnBlockCreate 0
[2022-12-16T11:05:05Z DEBUG fvm::machine::default] initializing a new machine, epoch=0, base_fee=0.0000000000000001, nv=V18, root=bafy2bzaceakdglitbiouhirqmrr36ibbx4ber4qrw2kuf4p7c3vya36exx3mg
[2022-12-16T11:05:05Z TRACE fvm::gas] charging gas: OnBlockCreate 0
[2022-12-16T11:05:05Z DEBUG fvm::machine::default] initializing a new machine, epoch=0, base_fee=0.0000000000000001, nv=V18, root=bafy2bzaceakdglitbiouhirqmrr36ibbx4ber4qrw2kuf4p7c3vya36exx3mg
[2022-12-16T11:05:05Z TRACE fvm::gas] charging gas: OnBlockCreate 0
[2022-12-16T11:05:05Z DEBUG fvm::machine::default] initializing a new machine, epoch=0, base_fee=0.0000000000000001, nv=V18, root=bafy2bzaceakdglitbiouhirqmrr36ibbx4ber4qrw2kuf4p7c3vya36exx3mg
[2022-12-16T11:05:05Z TRACE fvm::gas] charging gas: OnBlockCreate 0
[2022-12-16T11:05:05Z DEBUG fvm::machine::default] initializing a new machine, epoch=0, base_fee=0.0000000000000001, nv=V18, root=bafy2bzaceakdglitbiouhirqmrr36ibbx4ber4qrw2kuf4p7c3vya36exx3mg
[2022-12-16T11:05:05Z TRACE fvm::gas] charging gas: OnBlockCreate 0
[2022-12-16T11:05:05Z DEBUG fvm::machine::default] initializing a new machine, epoch=0, base_fee=0.0000000000000001, nv=V18, root=bafy2bzaceakdglitbiouhirqmrr36ibbx4ber4qrw2kuf4p7c3vya36exx3mg
[2022-12-16T11:05:05Z TRACE fvm::gas] charging gas: OnBlockCreate 0
[2022-12-16T11:05:05Z DEBUG fvm::machine::default] initializing a new machine, epoch=0, base_fee=0.0000000000000001, nv=V18, root=bafy2bzaceakdglitbiouhirqmrr36ibbx4ber4qrw2kuf4p7c3vya36exx3mg
[2022-12-16T11:05:05Z TRACE fvm::gas] charging gas: OnBlockCreate 0
[2022-12-16T11:05:05Z DEBUG fvm::machine::default] initializing a new machine, epoch=0, base_fee=0.0000000000000001, nv=V18, root=bafy2bzaceakdglitbiouhirqmrr36ibbx4ber4qrw2kuf4p7c3vya36exx3mg
[2022-12-16T11:05:05Z TRACE fvm::gas] charging gas: OnBlockCreate 0
[2022-12-16T11:05:05Z DEBUG fvm::machine::default] initializing a new machine, epoch=0, base_fee=0.0000000000000001, nv=V18, root=bafy2bzaceakdglitbiouhirqmrr36ibbx4ber4qrw2kuf4p7c3vya36exx3mg
[2022-12-16T11:05:05Z TRACE fvm::gas] charging gas: OnBlockCreate 0
[2022-12-16T11:05:05Z DEBUG fvm::machine::default] initializing a new machine, epoch=0, base_fee=0.0000000000000001, nv=V18, root=bafy2bzaceakdglitbiouhirqmrr36ibbx4ber4qrw2kuf4p7c3vya36exx3mg
[2022-12-16T11:05:05Z TRACE fvm::gas] charging gas: OnBlockCreate 0
[2022-12-16T11:05:05Z DEBUG fvm::machine::default] initializing a new machine, epoch=0, base_fee=0.0000000000000001, nv=V18, root=bafy2bzaceakdglitbiouhirqmrr36ibbx4ber4qrw2kuf4p7c3vya36exx3mg
[2022-12-16T11:05:05Z TRACE fvm::gas] charging gas: OnBlockCreate 0
[2022-12-16T11:05:05Z DEBUG fvm::machine::default] initializing a new machine, epoch=0, base_fee=0.0000000000000001, nv=V18, root=bafy2bzaceakdglitbiouhirqmrr36ibbx4ber4qrw2kuf4p7c3vya36exx3mg
[2022-12-16T11:05:05Z TRACE fvm::gas] charging gas: OnBlockCreate 0
[2022-12-16T11:05:05Z DEBUG fvm::machine::default] initializing a new machine, epoch=0, base_fee=0.0000000000000001, nv=V18, root=bafy2bzaceakdglitbiouhirqmrr36ibbx4ber4qrw2kuf4p7c3vya36exx3mg
[2022-12-16T11:05:05Z TRACE fvm::gas] charging gas: OnBlockCreate 0
[2022-12-16T11:05:05Z DEBUG fvm::machine::default] initializing a new machine, epoch=0, base_fee=0.0000000000000001, nv=V18, root=bafy2bzaceakdglitbiouhirqmrr36ibbx4ber4qrw2kuf4p7c3vya36exx3mg
[2022-12-16T11:05:05Z TRACE fvm::gas] charging gas: OnBlockCreate 0
[2022-12-16T11:05:05Z DEBUG fvm::machine::default] initializing a new machine, epoch=0, base_fee=0.0000000000000001, nv=V18, root=bafy2bzaceakdglitbiouhirqmrr36ibbx4ber4qrw2kuf4p7c3vya36exx3mg
[2022-12-16T11:05:05Z TRACE fvm::gas] charging gas: OnBlockCreate 0
[2022-12-16T11:05:05Z DEBUG fvm::machine::default] initializing a new machine, epoch=0, base_fee=0.0000000000000001, nv=V18, root=bafy2bzaceakdglitbiouhirqmrr36ibbx4ber4qrw2kuf4p7c3vya36exx3mg
[2022-12-16T11:05:05Z TRACE fvm::gas] charging gas: OnBlockCreate 0
[2022-12-16T11:05:05Z DEBUG fvm::machine::default] initializing a new machine, epoch=0, base_fee=0.0000000000000001, nv=V18, root=bafy2bzaceakdglitbiouhirqmrr36ibbx4ber4qrw2kuf4p7c3vya36exx3mg
[2022-12-16T11:05:05Z TRACE fvm::gas] charging gas: OnBlockCreate 0
[2022-12-16T11:05:05Z DEBUG fvm::machine::default] initializing a new machine, epoch=0, base_fee=0.0000000000000001, nv=V18, root=bafy2bzaceakdglitbiouhirqmrr36ibbx4ber4qrw2kuf4p7c3vya36exx3mg
[2022-12-16T11:05:05Z TRACE fvm::gas] charging gas: OnBlockCreate 0
[2022-12-16T11:05:05Z DEBUG fvm::machine::default] initializing a new machine, epoch=0, base_fee=0.0000000000000001, nv=V18, root=bafy2bzaceakdglitbiouhirqmrr36ibbx4ber4qrw2kuf4p7c3vya36exx3mg
[2022-12-16T11:05:05Z TRACE fvm::gas] charging gas: OnBlockCreate 0
[2022-12-16T11:05:05Z DEBUG fvm::machine::default] initializing a new machine, epoch=0, base_fee=0.0000000000000001, nv=V18, root=bafy2bzaceakdglitbiouhirqmrr36ibbx4ber4qrw2kuf4p7c3vya36exx3mg
[2022-12-16T11:05:05Z TRACE fvm::gas] charging gas: OnBlockCreate 0
[2022-12-16T11:05:05Z DEBUG fvm::machine::default] initializing a new machine, epoch=0, base_fee=0.0000000000000001, nv=V18, root=bafy2bzaceakdglitbiouhirqmrr36ibbx4ber4qrw2kuf4p7c3vya36exx3mg
[2022-12-16T11:05:05Z TRACE fvm::gas] charging gas: OnBlockCreate 0
[2022-12-16T11:05:06Z DEBUG fvm::machine::default] initializing a new machine, epoch=0, base_fee=0.0000000000000001, nv=V18, root=bafy2bzaceakdglitbiouhirqmrr36ibbx4ber4qrw2kuf4p7c3vya36exx3mg
[2022-12-16T11:05:06Z TRACE fvm::gas] charging gas: OnBlockCreate 0
[2022-12-16T11:05:06Z DEBUG fvm::machine::default] initializing a new machine, epoch=0, base_fee=0.0000000000000001, nv=V18, root=bafy2bzaceakdglitbiouhirqmrr36ibbx4ber4qrw2kuf4p7c3vya36exx3mg
[2022-12-16T11:05:06Z TRACE fvm::gas] charging gas: OnBlockCreate 0
[2022-12-16T11:05:06Z DEBUG fvm::machine::default] initializing a new machine, epoch=0, base_fee=0.0000000000000001, nv=V18, root=bafy2bzaceakdglitbiouhirqmrr36ibbx4ber4qrw2kuf4p7c3vya36exx3mg
[2022-12-16T11:05:06Z TRACE fvm::gas] charging gas: OnBlockCreate 0
[2022-12-16T11:05:06Z DEBUG fvm::machine::default] initializing a new machine, epoch=0, base_fee=0.0000000000000001, nv=V18, root=bafy2bzaceakdglitbiouhirqmrr36ibbx4ber4qrw2kuf4p7c3vya36exx3mg
[2022-12-16T11:05:06Z TRACE fvm::gas] charging gas: OnBlockCreate 0
[2022-12-16T11:05:06Z DEBUG fvm::machine::default] initializing a new machine, epoch=0, base_fee=0.0000000000000001, nv=V18, root=bafy2bzaceakdglitbiouhirqmrr36ibbx4ber4qrw2kuf4p7c3vya36exx3mg
[2022-12-16T11:05:06Z TRACE fvm::gas] charging gas: OnBlockCreate 0
[2022-12-16T11:05:06Z DEBUG fvm::machine::default] initializing a new machine, epoch=0, base_fee=0.0000000000000001, nv=V18, root=bafy2bzaceakdglitbiouhirqmrr36ibbx4ber4qrw2kuf4p7c3vya36exx3mg
[2022-12-16T11:05:06Z TRACE fvm::gas] charging gas: OnBlockCreate 0
[2022-12-16T11:05:06Z DEBUG fvm::machine::default] initializing a new machine, epoch=0, base_fee=0.0000000000000001, nv=V18, root=bafy2bzaceakdglitbiouhirqmrr36ibbx4ber4qrw2kuf4p7c3vya36exx3mg
[2022-12-16T11:05:06Z TRACE fvm::gas] charging gas: OnBlockCreate 0
[2022-12-16T11:05:06Z DEBUG fvm::machine::default] initializing a new machine, epoch=0, base_fee=0.0000000000000001, nv=V18, root=bafy2bzaceakdglitbiouhirqmrr36ibbx4ber4qrw2kuf4p7c3vya36exx3mg
[2022-12-16T11:05:06Z TRACE fvm::gas] charging gas: OnBlockCreate 0
[2022-12-16T11:05:06Z DEBUG fvm::machine::default] initializing a new machine, epoch=0, base_fee=0.0000000000000001, nv=V18, root=bafy2bzaceakdglitbiouhirqmrr36ibbx4ber4qrw2kuf4p7c3vya36exx3mg
[2022-12-16T11:05:06Z TRACE fvm::gas] charging gas: OnBlockCreate 0
[2022-12-16T11:05:06Z DEBUG fvm::machine::default] initializing a new machine, epoch=0, base_fee=0.0000000000000001, nv=V18, root=bafy2bzaceakdglitbiouhirqmrr36ibbx4ber4qrw2kuf4p7c3vya36exx3mg
[2022-12-16T11:05:06Z TRACE fvm::gas] charging gas: OnBlockCreate 0
[2022-12-16T11:05:06Z DEBUG fvm::machine::default] initializing a new machine, epoch=0, base_fee=0.0000000000000001, nv=V18, root=bafy2bzaceakdglitbiouhirqmrr36ibbx4ber4qrw2kuf4p7c3vya36exx3mg
[2022-12-16T11:05:06Z TRACE fvm::gas] charging gas: OnBlockCreate 0
[2022-12-16T11:05:06Z DEBUG fvm::machine::default] initializing a new machine, epoch=0, base_fee=0.0000000000000001, nv=V18, root=bafy2bzaceakdglitbiouhirqmrr36ibbx4ber4qrw2kuf4p7c3vya36exx3mg
[2022-12-16T11:05:06Z TRACE fvm::gas] charging gas: OnBlockCreate 0
[2022-12-16T11:05:06Z DEBUG fvm::machine::default] initializing a new machine, epoch=0, base_fee=0.0000000000000001, nv=V18, root=bafy2bzaceakdglitbiouhirqmrr36ibbx4ber4qrw2kuf4p7c3vya36exx3mg
[2022-12-16T11:05:06Z TRACE fvm::gas] charging gas: OnBlockCreate 0
[2022-12-16T11:05:06Z DEBUG fvm::machine::default] initializing a new machine, epoch=0, base_fee=0.0000000000000001, nv=V18, root=bafy2bzaceakdglitbiouhirqmrr36ibbx4ber4qrw2kuf4p7c3vya36exx3mg
[2022-12-16T11:05:06Z TRACE fvm::gas] charging gas: OnBlockCreate 0
[2022-12-16T11:05:07Z DEBUG fvm::machine::default] initializing a new machine, epoch=0, base_fee=0.0000000000000001, nv=V18, root=bafy2bzaceakdglitbiouhirqmrr36ibbx4ber4qrw2kuf4p7c3vya36exx3mg
[2022-12-16T11:05:07Z TRACE fvm::gas] charging gas: OnBlockCreate 0
[2022-12-16T11:05:07Z DEBUG fvm::machine::default] initializing a new machine, epoch=0, base_fee=0.0000000000000001, nv=V18, root=bafy2bzaceakdglitbiouhirqmrr36ibbx4ber4qrw2kuf4p7c3vya36exx3mg
[2022-12-16T11:05:07Z TRACE fvm::gas] charging gas: OnBlockCreate 0
[2022-12-16T11:05:07Z DEBUG fvm::machine::default] initializing a new machine, epoch=0, base_fee=0.0000000000000001, nv=V18, root=bafy2bzaceakdglitbiouhirqmrr36ibbx4ber4qrw2kuf4p7c3vya36exx3mg
[2022-12-16T11:05:07Z TRACE fvm::gas] charging gas: OnBlockCreate 0
[2022-12-16T11:05:07Z DEBUG fvm::machine::default] initializing a new machine, epoch=0, base_fee=0.0000000000000001, nv=V18, root=bafy2bzaceakdglitbiouhirqmrr36ibbx4ber4qrw2kuf4p7c3vya36exx3mg
[2022-12-16T11:05:07Z TRACE fvm::gas] charging gas: OnBlockCreate 0
[2022-12-16T11:05:07Z DEBUG fvm::machine::default] initializing a new machine, epoch=0, base_fee=0.0000000000000001, nv=V18, root=bafy2bzaceakdglitbiouhirqmrr36ibbx4ber4qrw2kuf4p7c3vya36exx3mg
[2022-12-16T11:05:07Z TRACE fvm::gas] charging gas: OnBlockCreate 0
[2022-12-16T11:05:07Z DEBUG fvm::machine::default] initializing a new machine, epoch=0, base_fee=0.0000000000000001, nv=V18, root=bafy2bzaceakdglitbiouhirqmrr36ibbx4ber4qrw2kuf4p7c3vya36exx3mg
[2022-12-16T11:05:07Z TRACE fvm::gas] charging gas: OnBlockCreate 0
[2022-12-16T11:05:07Z DEBUG fvm::machine::default] initializing a new machine, epoch=0, base_fee=0.0000000000000001, nv=V18, root=bafy2bzaceakdglitbiouhirqmrr36ibbx4ber4qrw2kuf4p7c3vya36exx3mg
[2022-12-16T11:05:07Z TRACE fvm::gas] charging gas: OnBlockCreate 0
[2022-12-16T11:05:07Z DEBUG fvm::machine::default] initializing a new machine, epoch=0, base_fee=0.0000000000000001, nv=V18, root=bafy2bzaceakdglitbiouhirqmrr36ibbx4ber4qrw2kuf4p7c3vya36exx3mg
[2022-12-16T11:05:07Z TRACE fvm::gas] charging gas: OnBlockCreate 0
[2022-12-16T11:05:07Z DEBUG fvm::machine::default] initializing a new machine, epoch=0, base_fee=0.0000000000000001, nv=V18, root=bafy2bzaceakdglitbiouhirqmrr36ibbx4ber4qrw2kuf4p7c3vya36exx3mg
[2022-12-16T11:05:07Z TRACE fvm::gas] charging gas: OnBlockCreate 0
[2022-12-16T11:05:07Z DEBUG fvm::machine::default] initializing a new machine, epoch=0, base_fee=0.0000000000000001, nv=V18, root=bafy2bzaceakdglitbiouhirqmrr36ibbx4ber4qrw2kuf4p7c3vya36exx3mg
[2022-12-16T11:05:07Z TRACE fvm::gas] charging gas: OnBlockCreate 0
[2022-12-16T11:05:07Z DEBUG fvm::machine::default] initializing a new machine, epoch=0, base_fee=0.0000000000000001, nv=V18, root=bafy2bzaceakdglitbiouhirqmrr36ibbx4ber4qrw2kuf4p7c3vya36exx3mg
[2022-12-16T11:05:07Z TRACE fvm::gas] charging gas: OnBlockCreate 0
[2022-12-16T11:05:07Z DEBUG fvm::machine::default] initializing a new machine, epoch=0, base_fee=0.0000000000000001, nv=V18, root=bafy2bzaceakdglitbiouhirqmrr36ibbx4ber4qrw2kuf4p7c3vya36exx3mg
[2022-12-16T11:05:07Z TRACE fvm::gas] charging gas: OnBlockCreate 0
[2022-12-16T11:05:07Z DEBUG fvm::machine::default] initializing a new machine, epoch=0, base_fee=0.0000000000000001, nv=V18, root=bafy2bzaceakdglitbiouhirqmrr36ibbx4ber4qrw2kuf4p7c3vya36exx3mg
[2022-12-16T11:05:07Z TRACE fvm::gas] charging gas: OnBlockCreate 0
[2022-12-16T11:05:08Z DEBUG fvm::machine::default] initializing a new machine, epoch=0, base_fee=0.0000000000000001, nv=V18, root=bafy2bzaceakdglitbiouhirqmrr36ibbx4ber4qrw2kuf4p7c3vya36exx3mg
[2022-12-16T11:05:08Z TRACE fvm::gas] charging gas: OnBlockCreate 0
[2022-12-16T11:05:08Z DEBUG fvm::machine::default] initializing a new machine, epoch=0, base_fee=0.0000000000000001, nv=V18, root=bafy2bzaceakdglitbiouhirqmrr36ibbx4ber4qrw2kuf4p7c3vya36exx3mg
[2022-12-16T11:05:08Z TRACE fvm::gas] charging gas: OnBlockCreate 0
[2022-12-16T11:05:08Z DEBUG fvm::machine::default] initializing a new machine, epoch=0, base_fee=0.0000000000000001, nv=V18, root=bafy2bzaceakdglitbiouhirqmrr36ibbx4ber4qrw2kuf4p7c3vya36exx3mg
[2022-12-16T11:05:08Z TRACE fvm::gas] charging gas: OnBlockCreate 0
[2022-12-16T11:05:08Z DEBUG fvm::machine::default] initializing a new machine, epoch=0, base_fee=0.0000000000000001, nv=V18, root=bafy2bzaceakdglitbiouhirqmrr36ibbx4ber4qrw2kuf4p7c3vya36exx3mg
[2022-12-16T11:05:08Z TRACE fvm::gas] charging gas: OnBlockCreate 0
[2022-12-16T11:05:08Z DEBUG fvm::machine::default] initializing a new machine, epoch=0, base_fee=0.0000000000000001, nv=V18, root=bafy2bzaceakdglitbiouhirqmrr36ibbx4ber4qrw2kuf4p7c3vya36exx3mg
[2022-12-16T11:05:08Z TRACE fvm::gas] charging gas: OnBlockCreate 0
[2022-12-16T11:05:08Z DEBUG fvm::machine::default] initializing a new machine, epoch=0, base_fee=0.0000000000000001, nv=V18, root=bafy2bzaceakdglitbiouhirqmrr36ibbx4ber4qrw2kuf4p7c3vya36exx3mg
[2022-12-16T11:05:08Z TRACE fvm::gas] charging gas: OnBlockCreate 0
[2022-12-16T11:05:08Z DEBUG fvm::machine::default] initializing a new machine, epoch=0, base_fee=0.0000000000000001, nv=V18, root=bafy2bzaceakdglitbiouhirqmrr36ibbx4ber4qrw2kuf4p7c3vya36exx3mg
[2022-12-16T11:05:08Z TRACE fvm::gas] charging gas: OnBlockCreate 0
[2022-12-16T11:05:08Z DEBUG fvm::machine::default] initializing a new machine, epoch=0, base_fee=0.0000000000000001, nv=V18, root=bafy2bzaceakdglitbiouhirqmrr36ibbx4ber4qrw2kuf4p7c3vya36exx3mg
[2022-12-16T11:05:08Z TRACE fvm::gas] charging gas: OnBlockCreate 0
[2022-12-16T11:05:08Z DEBUG fvm::machine::default] initializing a new machine, epoch=0, base_fee=0.0000000000000001, nv=V18, root=bafy2bzaceakdglitbiouhirqmrr36ibbx4ber4qrw2kuf4p7c3vya36exx3mg
[2022-12-16T11:05:08Z TRACE fvm::gas] charging gas: OnBlockCreate 0
[2022-12-16T11:05:08Z DEBUG fvm::machine::default] initializing a new machine, epoch=0, base_fee=0.0000000000000001, nv=V18, root=bafy2bzaceakdglitbiouhirqmrr36ibbx4ber4qrw2kuf4p7c3vya36exx3mg
[2022-12-16T11:05:08Z TRACE fvm::gas] charging gas: OnBlockCreate 0
[2022-12-16T11:05:08Z DEBUG fvm::machine::default] initializing a new machine, epoch=0, base_fee=0.0000000000000001, nv=V18, root=bafy2bzaceakdglitbiouhirqmrr36ibbx4ber4qrw2kuf4p7c3vya36exx3mg
[2022-12-16T11:05:08Z TRACE fvm::gas] charging gas: OnBlockCreate 0
[2022-12-16T11:05:08Z DEBUG fvm::machine::default] initializing a new machine, epoch=0, base_fee=0.0000000000000001, nv=V18, root=bafy2bzaceakdglitbiouhirqmrr36ibbx4ber4qrw2kuf4p7c3vya36exx3mg
[2022-12-16T11:05:08Z TRACE fvm::gas] charging gas: OnBlockCreate 0
[2022-12-16T11:05:08Z DEBUG fvm::machine::default] initializing a new machine, epoch=0, base_fee=0.0000000000000001, nv=V18, root=bafy2bzaceakdglitbiouhirqmrr36ibbx4ber4qrw2kuf4p7c3vya36exx3mg
[2022-12-16T11:05:08Z TRACE fvm::gas] charging gas: OnBlockCreate 0
[2022-12-16T11:05:08Z DEBUG fvm::machine::default] initializing a new machine, epoch=0, base_fee=0.0000000000000001, nv=V18, root=bafy2bzaceakdglitbiouhirqmrr36ibbx4ber4qrw2kuf4p7c3vya36exx3mg
[2022-12-16T11:05:08Z TRACE fvm::gas] charging gas: OnBlockCreate 0
[2022-12-16T11:05:08Z DEBUG fvm::machine::default] initializing a new machine, epoch=0, base_fee=0.0000000000000001, nv=V18, root=bafy2bzaceakdglitbiouhirqmrr36ibbx4ber4qrw2kuf4p7c3vya36exx3mg
[2022-12-16T11:05:08Z TRACE fvm::gas] charging gas: OnBlockCreate 0
[2022-12-16T11:05:09Z DEBUG fvm::machine::default] initializing a new machine, epoch=0, base_fee=0.0000000000000001, nv=V18, root=bafy2bzaceakdglitbiouhirqmrr36ibbx4ber4qrw2kuf4p7c3vya36exx3mg
[2022-12-16T11:05:09Z TRACE fvm::gas] charging gas: OnBlockCreate 0
[2022-12-16T11:05:09Z DEBUG fvm::machine::default] initializing a new machine, epoch=0, base_fee=0.0000000000000001, nv=V18, root=bafy2bzaceakdglitbiouhirqmrr36ibbx4ber4qrw2kuf4p7c3vya36exx3mg
[2022-12-16T11:05:09Z TRACE fvm::gas] charging gas: OnBlockCreate 0
[2022-12-16T11:05:09Z DEBUG fvm::machine::default] initializing a new machine, epoch=0, base_fee=0.0000000000000001, nv=V18, root=bafy2bzaceakdglitbiouhirqmrr36ibbx4ber4qrw2kuf4p7c3vya36exx3mg
[2022-12-16T11:05:09Z TRACE fvm::gas] charging gas: OnBlockCreate 0
[2022-12-16T11:05:09Z DEBUG fvm::machine::default] initializing a new machine, epoch=0, base_fee=0.0000000000000001, nv=V18, root=bafy2bzaceakdglitbiouhirqmrr36ibbx4ber4qrw2kuf4p7c3vya36exx3mg
[2022-12-16T11:05:09Z TRACE fvm::gas] charging gas: OnBlockCreate 0
[2022-12-16T11:05:09Z DEBUG fvm::machine::default] initializing a new machine, epoch=0, base_fee=0.0000000000000001, nv=V18, root=bafy2bzaceakdglitbiouhirqmrr36ibbx4ber4qrw2kuf4p7c3vya36exx3mg
[2022-12-16T11:05:09Z TRACE fvm::gas] charging gas: OnBlockCreate 0
[2022-12-16T11:05:09Z DEBUG fvm::machine::default] initializing a new machine, epoch=0, base_fee=0.0000000000000001, nv=V18, root=bafy2bzaceakdglitbiouhirqmrr36ibbx4ber4qrw2kuf4p7c3vya36exx3mg
[2022-12-16T11:05:09Z TRACE fvm::gas] charging gas: OnBlockCreate 0
[2022-12-16T11:05:09Z DEBUG fvm::machine::default] initializing a new machine, epoch=0, base_fee=0.0000000000000001, nv=V18, root=bafy2bzaceakdglitbiouhirqmrr36ibbx4ber4qrw2kuf4p7c3vya36exx3mg
[2022-12-16T11:05:09Z TRACE fvm::gas] charging gas: OnBlockCreate 0
[2022-12-16T11:05:09Z DEBUG fvm::machine::default] initializing a new machine, epoch=0, base_fee=0.0000000000000001, nv=V18, root=bafy2bzaceakdglitbiouhirqmrr36ibbx4ber4qrw2kuf4p7c3vya36exx3mg
[2022-12-16T11:05:09Z TRACE fvm::gas] charging gas: OnBlockCreate 0
[2022-12-16T11:05:09Z DEBUG fvm::machine::default] initializing a new machine, epoch=0, base_fee=0.0000000000000001, nv=V18, root=bafy2bzaceakdglitbiouhirqmrr36ibbx4ber4qrw2kuf4p7c3vya36exx3mg
[2022-12-16T11:05:09Z TRACE fvm::gas] charging gas: OnBlockCreate 0
[2022-12-16T11:05:09Z DEBUG fvm::machine::default] initializing a new machine, epoch=0, base_fee=0.0000000000000001, nv=V18, root=bafy2bzaceakdglitbiouhirqmrr36ibbx4ber4qrw2kuf4p7c3vya36exx3mg
[2022-12-16T11:05:09Z TRACE fvm::gas] charging gas: OnBlockCreate 0
[2022-12-16T11:05:09Z DEBUG fvm::machine::default] initializing a new machine, epoch=0, base_fee=0.0000000000000001, nv=V18, root=bafy2bzaceakdglitbiouhirqmrr36ibbx4ber4qrw2kuf4p7c3vya36exx3mg
[2022-12-16T11:05:09Z TRACE fvm::gas] charging gas: OnBlockCreate 0
[2022-12-16T11:05:09Z DEBUG fvm::machine::default] initializing a new machine, epoch=0, base_fee=0.0000000000000001, nv=V18, root=bafy2bzaceakdglitbiouhirqmrr36ibbx4ber4qrw2kuf4p7c3vya36exx3mg
[2022-12-16T11:05:09Z TRACE fvm::gas] charging gas: OnBlockCreate 0
[2022-12-16T11:05:10Z DEBUG fvm::machine::default] initializing a new machine, epoch=0, base_fee=0.0000000000000001, nv=V18, root=bafy2bzaceakdglitbiouhirqmrr36ibbx4ber4qrw2kuf4p7c3vya36exx3mg
[2022-12-16T11:05:10Z TRACE fvm::gas] charging gas: OnBlockCreate 0
[2022-12-16T11:05:10Z DEBUG fvm::machine::default] initializing a new machine, epoch=0, base_fee=0.0000000000000001, nv=V18, root=bafy2bzaceakdglitbiouhirqmrr36ibbx4ber4qrw2kuf4p7c3vya36exx3mg
[2022-12-16T11:05:10Z TRACE fvm::gas] charging gas: OnBlockCreate 0
[2022-12-16T11:05:10Z DEBUG fvm::machine::default] initializing a new machine, epoch=0, base_fee=0.0000000000000001, nv=V18, root=bafy2bzaceakdglitbiouhirqmrr36ibbx4ber4qrw2kuf4p7c3vya36exx3mg
[2022-12-16T11:05:10Z TRACE fvm::gas] charging gas: OnBlockCreate 0
[2022-12-16T11:05:10Z DEBUG fvm::machine::default] initializing a new machine, epoch=0, base_fee=0.0000000000000001, nv=V18, root=bafy2bzaceakdglitbiouhirqmrr36ibbx4ber4qrw2kuf4p7c3vya36exx3mg
[2022-12-16T11:05:10Z TRACE fvm::gas] charging gas: OnBlockCreate 0
[2022-12-16T11:05:10Z DEBUG fvm::machine::default] initializing a new machine, epoch=0, base_fee=0.0000000000000001, nv=V18, root=bafy2bzaceakdglitbiouhirqmrr36ibbx4ber4qrw2kuf4p7c3vya36exx3mg
[2022-12-16T11:05:10Z TRACE fvm::gas] charging gas: OnBlockCreate 0
[2022-12-16T11:05:10Z DEBUG fvm::machine::default] initializing a new machine, epoch=0, base_fee=0.0000000000000001, nv=V18, root=bafy2bzaceakdglitbiouhirqmrr36ibbx4ber4qrw2kuf4p7c3vya36exx3mg
[2022-12-16T11:05:10Z TRACE fvm::gas] charging gas: OnBlockCreate 0
[2022-12-16T11:05:10Z DEBUG fvm::machine::default] initializing a new machine, epoch=0, base_fee=0.0000000000000001, nv=V18, root=bafy2bzaceakdglitbiouhirqmrr36ibbx4ber4qrw2kuf4p7c3vya36exx3mg
[2022-12-16T11:05:10Z TRACE fvm::gas] charging gas: OnBlockCreate 0
[2022-12-16T11:05:10Z DEBUG fvm::machine::default] initializing a new machine, epoch=0, base_fee=0.0000000000000001, nv=V18, root=bafy2bzaceakdglitbiouhirqmrr36ibbx4ber4qrw2kuf4p7c3vya36exx3mg
[2022-12-16T11:05:10Z TRACE fvm::gas] charging gas: OnBlockCreate 0
[2022-12-16T11:05:10Z DEBUG fvm::machine::default] initializing a new machine, epoch=0, base_fee=0.0000000000000001, nv=V18, root=bafy2bzaceakdglitbiouhirqmrr36ibbx4ber4qrw2kuf4p7c3vya36exx3mg
[2022-12-16T11:05:10Z TRACE fvm::gas] charging gas: OnBlockCreate 0
[2022-12-16T11:05:10Z DEBUG fvm::machine::default] initializing a new machine, epoch=0, base_fee=0.0000000000000001, nv=V18, root=bafy2bzaceakdglitbiouhirqmrr36ibbx4ber4qrw2kuf4p7c3vya36exx3mg
[2022-12-16T11:05:10Z TRACE fvm::gas] charging gas: OnBlockCreate 0
[2022-12-16T11:05:10Z DEBUG fvm::machine::default] initializing a new machine, epoch=0, base_fee=0.0000000000000001, nv=V18, root=bafy2bzaceakdglitbiouhirqmrr36ibbx4ber4qrw2kuf4p7c3vya36exx3mg
[2022-12-16T11:05:10Z TRACE fvm::gas] charging gas: OnBlockCreate 0
[2022-12-16T11:05:10Z DEBUG fvm::machine::default] initializing a new machine, epoch=0, base_fee=0.0000000000000001, nv=V18, root=bafy2bzaceakdglitbiouhirqmrr36ibbx4ber4qrw2kuf4p7c3vya36exx3mg
[2022-12-16T11:05:10Z TRACE fvm::gas] charging gas: OnBlockCreate 0
[2022-12-16T11:05:10Z DEBUG fvm::machine::default] initializing a new machine, epoch=0, base_fee=0.0000000000000001, nv=V18, root=bafy2bzaceakdglitbiouhirqmrr36ibbx4ber4qrw2kuf4p7c3vya36exx3mg
[2022-12-16T11:05:10Z TRACE fvm::gas] charging gas: OnBlockCreate 0
[2022-12-16T11:05:11Z DEBUG fvm::machine::default] initializing a new machine, epoch=0, base_fee=0.0000000000000001, nv=V18, root=bafy2bzaceakdglitbiouhirqmrr36ibbx4ber4qrw2kuf4p7c3vya36exx3mg
[2022-12-16T11:05:11Z TRACE fvm::gas] charging gas: OnBlockCreate 0
[2022-12-16T11:05:11Z DEBUG fvm::machine::default] initializing a new machine, epoch=0, base_fee=0.0000000000000001, nv=V18, root=bafy2bzaceakdglitbiouhirqmrr36ibbx4ber4qrw2kuf4p7c3vya36exx3mg
[2022-12-16T11:05:11Z TRACE fvm::gas] charging gas: OnBlockCreate 0
[2022-12-16T11:05:11Z DEBUG fvm::machine::default] initializing a new machine, epoch=0, base_fee=0.0000000000000001, nv=V18, root=bafy2bzaceakdglitbiouhirqmrr36ibbx4ber4qrw2kuf4p7c3vya36exx3mg
[2022-12-16T11:05:11Z TRACE fvm::gas] charging gas: OnBlockCreate 0
[2022-12-16T11:05:11Z DEBUG fvm::machine::default] initializing a new machine, epoch=0, base_fee=0.0000000000000001, nv=V18, root=bafy2bzaceakdglitbiouhirqmrr36ibbx4ber4qrw2kuf4p7c3vya36exx3mg
[2022-12-16T11:05:11Z TRACE fvm::gas] charging gas: OnBlockCreate 0
[2022-12-16T11:05:11Z DEBUG fvm::machine::default] initializing a new machine, epoch=0, base_fee=0.0000000000000001, nv=V18, root=bafy2bzaceakdglitbiouhirqmrr36ibbx4ber4qrw2kuf4p7c3vya36exx3mg
[2022-12-16T11:05:11Z TRACE fvm::gas] charging gas: OnBlockCreate 0
[2022-12-16T11:05:11Z DEBUG fvm::machine::default] initializing a new machine, epoch=0, base_fee=0.0000000000000001, nv=V18, root=bafy2bzaceakdglitbiouhirqmrr36ibbx4ber4qrw2kuf4p7c3vya36exx3mg
[2022-12-16T11:05:11Z TRACE fvm::gas] charging gas: OnBlockCreate 0
[2022-12-16T11:05:11Z DEBUG fvm::machine::default] initializing a new machine, epoch=0, base_fee=0.0000000000000001, nv=V18, root=bafy2bzaceakdglitbiouhirqmrr36ibbx4ber4qrw2kuf4p7c3vya36exx3mg
[2022-12-16T11:05:11Z TRACE fvm::gas] charging gas: OnBlockCreate 0
[2022-12-16T11:05:11Z DEBUG fvm::machine::default] initializing a new machine, epoch=0, base_fee=0.0000000000000001, nv=V18, root=bafy2bzaceakdglitbiouhirqmrr36ibbx4ber4qrw2kuf4p7c3vya36exx3mg
[2022-12-16T11:05:11Z TRACE fvm::gas] charging gas: OnBlockCreate 0
[2022-12-16T11:05:11Z DEBUG fvm::machine::default] initializing a new machine, epoch=0, base_fee=0.0000000000000001, nv=V18, root=bafy2bzaceakdglitbiouhirqmrr36ibbx4ber4qrw2kuf4p7c3vya36exx3mg
[2022-12-16T11:05:11Z TRACE fvm::gas] charging gas: OnBlockCreate 0
[2022-12-16T11:05:11Z DEBUG fvm::machine::default] initializing a new machine, epoch=0, base_fee=0.0000000000000001, nv=V18, root=bafy2bzaceakdglitbiouhirqmrr36ibbx4ber4qrw2kuf4p7c3vya36exx3mg
[2022-12-16T11:05:11Z TRACE fvm::gas] charging gas: OnBlockCreate 0
[2022-12-16T11:05:11Z DEBUG fvm::machine::default] initializing a new machine, epoch=0, base_fee=0.0000000000000001, nv=V18, root=bafy2bzaceakdglitbiouhirqmrr36ibbx4ber4qrw2kuf4p7c3vya36exx3mg
[2022-12-16T11:05:11Z TRACE fvm::gas] charging gas: OnBlockCreate 0
[2022-12-16T11:05:11Z DEBUG fvm::machine::default] initializing a new machine, epoch=0, base_fee=0.0000000000000001, nv=V18, root=bafy2bzaceakdglitbiouhirqmrr36ibbx4ber4qrw2kuf4p7c3vya36exx3mg
[2022-12-16T11:05:12Z TRACE fvm::gas] charging gas: OnBlockCreate 0
[2022-12-16T11:05:12Z DEBUG fvm::machine::default] initializing a new machine, epoch=0, base_fee=0.0000000000000001, nv=V18, root=bafy2bzaceakdglitbiouhirqmrr36ibbx4ber4qrw2kuf4p7c3vya36exx3mg
[2022-12-16T11:05:12Z TRACE fvm::gas] charging gas: OnBlockCreate 0
[2022-12-16T11:05:12Z DEBUG fvm::machine::default] initializing a new machine, epoch=0, base_fee=0.0000000000000001, nv=V18, root=bafy2bzaceakdglitbiouhirqmrr36ibbx4ber4qrw2kuf4p7c3vya36exx3mg
[2022-12-16T11:05:12Z TRACE fvm::gas] charging gas: OnBlockCreate 0
[2022-12-16T11:05:12Z DEBUG fvm::machine::default] initializing a new machine, epoch=0, base_fee=0.0000000000000001, nv=V18, root=bafy2bzaceakdglitbiouhirqmrr36ibbx4ber4qrw2kuf4p7c3vya36exx3mg
[2022-12-16T11:05:12Z TRACE fvm::gas] charging gas: OnBlockCreate 0
[2022-12-16T11:05:12Z DEBUG fvm::machine::default] initializing a new machine, epoch=0, base_fee=0.0000000000000001, nv=V18, root=bafy2bzaceakdglitbiouhirqmrr36ibbx4ber4qrw2kuf4p7c3vya36exx3mg
[2022-12-16T11:05:12Z TRACE fvm::gas] charging gas: OnBlockCreate 0
[2022-12-16T11:05:12Z DEBUG fvm::machine::default] initializing a new machine, epoch=0, base_fee=0.0000000000000001, nv=V18, root=bafy2bzaceakdglitbiouhirqmrr36ibbx4ber4qrw2kuf4p7c3vya36exx3mg
[2022-12-16T11:05:12Z TRACE fvm::gas] charging gas: OnBlockCreate 0
[2022-12-16T11:05:12Z DEBUG fvm::machine::default] initializing a new machine, epoch=0, base_fee=0.0000000000000001, nv=V18, root=bafy2bzaceakdglitbiouhirqmrr36ibbx4ber4qrw2kuf4p7c3vya36exx3mg
[2022-12-16T11:05:12Z TRACE fvm::gas] charging gas: OnBlockCreate 0
[2022-12-16T11:05:12Z DEBUG fvm::machine::default] initializing a new machine, epoch=0, base_fee=0.0000000000000001, nv=V18, root=bafy2bzaceakdglitbiouhirqmrr36ibbx4ber4qrw2kuf4p7c3vya36exx3mg
[2022-12-16T11:05:12Z TRACE fvm::gas] charging gas: OnBlockCreate 0
[2022-12-16T11:05:12Z DEBUG fvm::machine::default] initializing a new machine, epoch=0, base_fee=0.0000000000000001, nv=V18, root=bafy2bzaceakdglitbiouhirqmrr36ibbx4ber4qrw2kuf4p7c3vya36exx3mg
[2022-12-16T11:05:12Z TRACE fvm::gas] charging gas: OnBlockCreate 0
[2022-12-16T11:05:12Z DEBUG fvm::machine::default] initializing a new machine, epoch=0, base_fee=0.0000000000000001, nv=V18, root=bafy2bzaceakdglitbiouhirqmrr36ibbx4ber4qrw2kuf4p7c3vya36exx3mg
[2022-12-16T11:05:12Z TRACE fvm::gas] charging gas: OnBlockCreate 0
[2022-12-16T11:05:12Z DEBUG fvm::machine::default] initializing a new machine, epoch=0, base_fee=0.0000000000000001, nv=V18, root=bafy2bzaceakdglitbiouhirqmrr36ibbx4ber4qrw2kuf4p7c3vya36exx3mg
[2022-12-16T11:05:12Z TRACE fvm::gas] charging gas: OnBlockCreate 0
[2022-12-16T11:05:12Z DEBUG fvm::machine::default] initializing a new machine, epoch=0, base_fee=0.0000000000000001, nv=V18, root=bafy2bzaceakdglitbiouhirqmrr36ibbx4ber4qrw2kuf4p7c3vya36exx3mg
[2022-12-16T11:05:12Z TRACE fvm::gas] charging gas: OnBlockCreate 0
[2022-12-16T11:05:12Z DEBUG fvm::machine::default] initializing a new machine, epoch=0, base_fee=0.0000000000000001, nv=V18, root=bafy2bzaceakdglitbiouhirqmrr36ibbx4ber4qrw2kuf4p7c3vya36exx3mg
[2022-12-16T11:05:12Z TRACE fvm::gas] charging gas: OnBlockCreate 0
[2022-12-16T11:05:12Z DEBUG fvm::machine::default] initializing a new machine, epoch=0, base_fee=0.0000000000000001, nv=V18, root=bafy2bzaceakdglitbiouhirqmrr36ibbx4ber4qrw2kuf4p7c3vya36exx3mg
[2022-12-16T11:05:13Z TRACE fvm::gas] charging gas: OnBlockCreate 0
[2022-12-16T11:05:13Z DEBUG fvm::machine::default] initializing a new machine, epoch=0, base_fee=0.0000000000000001, nv=V18, root=bafy2bzaceakdglitbiouhirqmrr36ibbx4ber4qrw2kuf4p7c3vya36exx3mg
[2022-12-16T11:05:13Z TRACE fvm::gas] charging gas: OnBlockCreate 0
[2022-12-16T11:05:13Z DEBUG fvm::machine::default] initializing a new machine, epoch=0, base_fee=0.0000000000000001, nv=V18, root=bafy2bzaceakdglitbiouhirqmrr36ibbx4ber4qrw2kuf4p7c3vya36exx3mg
[2022-12-16T11:05:13Z TRACE fvm::gas] charging gas: OnBlockCreate 0
[2022-12-16T11:05:13Z DEBUG fvm::machine::default] initializing a new machine, epoch=0, base_fee=0.0000000000000001, nv=V18, root=bafy2bzaceakdglitbiouhirqmrr36ibbx4ber4qrw2kuf4p7c3vya36exx3mg
[2022-12-16T11:05:13Z TRACE fvm::gas] charging gas: OnBlockCreate 0
[2022-12-16T11:05:13Z DEBUG fvm::machine::default] initializing a new machine, epoch=0, base_fee=0.0000000000000001, nv=V18, root=bafy2bzaceakdglitbiouhirqmrr36ibbx4ber4qrw2kuf4p7c3vya36exx3mg
[2022-12-16T11:05:13Z TRACE fvm::gas] charging gas: OnBlockCreate 0
[2022-12-16T11:05:13Z DEBUG fvm::machine::default] initializing a new machine, epoch=0, base_fee=0.0000000000000001, nv=V18, root=bafy2bzaceakdglitbiouhirqmrr36ibbx4ber4qrw2kuf4p7c3vya36exx3mg
[2022-12-16T11:05:13Z TRACE fvm::gas] charging gas: OnBlockCreate 0
[2022-12-16T11:05:13Z DEBUG fvm::machine::default] initializing a new machine, epoch=0, base_fee=0.0000000000000001, nv=V18, root=bafy2bzaceakdglitbiouhirqmrr36ibbx4ber4qrw2kuf4p7c3vya36exx3mg
[2022-12-16T11:05:13Z TRACE fvm::gas] charging gas: OnBlockCreate 0
[2022-12-16T11:05:13Z DEBUG fvm::machine::default] initializing a new machine, epoch=0, base_fee=0.0000000000000001, nv=V18, root=bafy2bzaceakdglitbiouhirqmrr36ibbx4ber4qrw2kuf4p7c3vya36exx3mg
[2022-12-16T11:05:13Z TRACE fvm::gas] charging gas: OnBlockCreate 0
[2022-12-16T11:05:13Z DEBUG fvm::machine::default] initializing a new machine, epoch=0, base_fee=0.0000000000000001, nv=V18, root=bafy2bzaceakdglitbiouhirqmrr36ibbx4ber4qrw2kuf4p7c3vya36exx3mg
[2022-12-16T11:05:13Z TRACE fvm::gas] charging gas: OnBlockCreate 0
[2022-12-16T11:05:13Z DEBUG fvm::machine::default] initializing a new machine, epoch=0, base_fee=0.0000000000000001, nv=V18, root=bafy2bzaceakdglitbiouhirqmrr36ibbx4ber4qrw2kuf4p7c3vya36exx3mg
[2022-12-16T11:05:13Z TRACE fvm::gas] charging gas: OnBlockCreate 0
[2022-12-16T11:05:13Z DEBUG fvm::machine::default] initializing a new machine, epoch=0, base_fee=0.0000000000000001, nv=V18, root=bafy2bzaceakdglitbiouhirqmrr36ibbx4ber4qrw2kuf4p7c3vya36exx3mg
[2022-12-16T11:05:13Z TRACE fvm::gas] charging gas: OnBlockCreate 0
[2022-12-16T11:05:13Z DEBUG fvm::machine::default] initializing a new machine, epoch=0, base_fee=0.0000000000000001, nv=V18, root=bafy2bzaceakdglitbiouhirqmrr36ibbx4ber4qrw2kuf4p7c3vya36exx3mg
[2022-12-16T11:05:13Z TRACE fvm::gas] charging gas: OnBlockCreate 0
[2022-12-16T11:05:13Z DEBUG fvm::machine::default] initializing a new machine, epoch=0, base_fee=0.0000000000000001, nv=V18, root=bafy2bzaceakdglitbiouhirqmrr36ibbx4ber4qrw2kuf4p7c3vya36exx3mg
[2022-12-16T11:05:13Z TRACE fvm::gas] charging gas: OnBlockCreate 0
[2022-12-16T11:05:13Z DEBUG fvm::machine::default] initializing a new machine, epoch=0, base_fee=0.0000000000000001, nv=V18, root=bafy2bzaceakdglitbiouhirqmrr36ibbx4ber4qrw2kuf4p7c3vya36exx3mg
[2022-12-16T11:05:13Z TRACE fvm::gas] charging gas: OnBlockCreate 0
[2022-12-16T11:05:14Z DEBUG fvm::machine::default] initializing a new machine, epoch=0, base_fee=0.0000000000000001, nv=V18, root=bafy2bzaceakdglitbiouhirqmrr36ibbx4ber4qrw2kuf4p7c3vya36exx3mg
[2022-12-16T11:05:14Z TRACE fvm::gas] charging gas: OnBlockCreate 0
#256	pulse  cov: 5168 ft: 5449 exec/s: 17 rss: 130Mb
[2022-12-16T11:05:14Z DEBUG fvm::machine::default] initializing a new machine, epoch=0, base_fee=0.0000000000000001, nv=V18, root=bafy2bzaceakdglitbiouhirqmrr36ibbx4ber4qrw2kuf4p7c3vya36exx3mg
[2022-12-16T11:05:14Z TRACE fvm::gas] charging gas: OnBlockCreate 0
[2022-12-16T11:05:14Z DEBUG fvm::machine::default] initializing a new machine, epoch=0, base_fee=0.0000000000000001, nv=V18, root=bafy2bzaceakdglitbiouhirqmrr36ibbx4ber4qrw2kuf4p7c3vya36exx3mg
[2022-12-16T11:05:14Z TRACE fvm::gas] charging gas: OnBlockCreate 0
[2022-12-16T11:05:14Z DEBUG fvm::machine::default] initializing a new machine, epoch=0, base_fee=0.0000000000000001, nv=V18, root=bafy2bzaceakdglitbiouhirqmrr36ibbx4ber4qrw2kuf4p7c3vya36exx3mg
[2022-12-16T11:05:14Z TRACE fvm::gas] charging gas: OnBlockCreate 0
[2022-12-16T11:05:14Z DEBUG fvm::machine::default] initializing a new machine, epoch=0, base_fee=0.0000000000000001, nv=V18, root=bafy2bzaceakdglitbiouhirqmrr36ibbx4ber4qrw2kuf4p7c3vya36exx3mg
[2022-12-16T11:05:14Z TRACE fvm::gas] charging gas: OnBlockCreate 0
[2022-12-16T11:05:14Z DEBUG fvm::machine::default] initializing a new machine, epoch=0, base_fee=0.0000000000000001, nv=V18, root=bafy2bzaceakdglitbiouhirqmrr36ibbx4ber4qrw2kuf4p7c3vya36exx3mg
[2022-12-16T11:05:14Z TRACE fvm::gas] charging gas: OnBlockCreate 0
[2022-12-16T11:05:14Z DEBUG fvm::machine::default] initializing a new machine, epoch=0, base_fee=0.0000000000000001, nv=V18, root=bafy2bzaceakdglitbiouhirqmrr36ibbx4ber4qrw2kuf4p7c3vya36exx3mg
[2022-12-16T11:05:14Z TRACE fvm::gas] charging gas: OnBlockCreate 0
[2022-12-16T11:05:14Z DEBUG fvm::machine::default] initializing a new machine, epoch=0, base_fee=0.0000000000000001, nv=V18, root=bafy2bzaceakdglitbiouhirqmrr36ibbx4ber4qrw2kuf4p7c3vya36exx3mg
[2022-12-16T11:05:14Z TRACE fvm::gas] charging gas: OnBlockCreate 0
[2022-12-16T11:05:14Z DEBUG fvm::machine::default] initializing a new machine, epoch=0, base_fee=0.0000000000000001, nv=V18, root=bafy2bzaceakdglitbiouhirqmrr36ibbx4ber4qrw2kuf4p7c3vya36exx3mg
[2022-12-16T11:05:14Z TRACE fvm::gas] charging gas: OnBlockCreate 0
[2022-12-16T11:05:14Z DEBUG fvm::machine::default] initializing a new machine, epoch=0, base_fee=0.0000000000000001, nv=V18, root=bafy2bzaceakdglitbiouhirqmrr36ibbx4ber4qrw2kuf4p7c3vya36exx3mg
[2022-12-16T11:05:14Z TRACE fvm::gas] charging gas: OnBlockCreate 0
[2022-12-16T11:05:14Z DEBUG fvm::machine::default] initializing a new machine, epoch=0, base_fee=0.0000000000000001, nv=V18, root=bafy2bzaceakdglitbiouhirqmrr36ibbx4ber4qrw2kuf4p7c3vya36exx3mg
[2022-12-16T11:05:14Z TRACE fvm::gas] charging gas: OnBlockCreate 0
[2022-12-16T11:05:14Z DEBUG fvm::machine::default] initializing a new machine, epoch=0, base_fee=0.0000000000000001, nv=V18, root=bafy2bzaceakdglitbiouhirqmrr36ibbx4ber4qrw2kuf4p7c3vya36exx3mg
[2022-12-16T11:05:14Z TRACE fvm::gas] charging gas: OnBlockCreate 0
[2022-12-16T11:05:14Z DEBUG fvm::machine::default] initializing a new machine, epoch=0, base_fee=0.0000000000000001, nv=V18, root=bafy2bzaceakdglitbiouhirqmrr36ibbx4ber4qrw2kuf4p7c3vya36exx3mg
[2022-12-16T11:05:14Z TRACE fvm::gas] charging gas: OnBlockCreate 0
[2022-12-16T11:05:15Z DEBUG fvm::machine::default] initializing a new machine, epoch=0, base_fee=0.0000000000000001, nv=V18, root=bafy2bzaceakdglitbiouhirqmrr36ibbx4ber4qrw2kuf4p7c3vya36exx3mg
[2022-12-16T11:05:15Z TRACE fvm::gas] charging gas: OnBlockCreate 0
[2022-12-16T11:05:15Z DEBUG fvm::machine::default] initializing a new machine, epoch=0, base_fee=0.0000000000000001, nv=V18, root=bafy2bzaceakdglitbiouhirqmrr36ibbx4ber4qrw2kuf4p7c3vya36exx3mg
[2022-12-16T11:05:15Z TRACE fvm::gas] charging gas: OnBlockCreate 0
[2022-12-16T11:05:15Z DEBUG fvm::machine::default] initializing a new machine, epoch=0, base_fee=0.0000000000000001, nv=V18, root=bafy2bzaceakdglitbiouhirqmrr36ibbx4ber4qrw2kuf4p7c3vya36exx3mg
[2022-12-16T11:05:15Z TRACE fvm::gas] charging gas: OnBlockCreate 0
[2022-12-16T11:05:15Z DEBUG fvm::machine::default] initializing a new machine, epoch=0, base_fee=0.0000000000000001, nv=V18, root=bafy2bzaceakdglitbiouhirqmrr36ibbx4ber4qrw2kuf4p7c3vya36exx3mg
[2022-12-16T11:05:15Z TRACE fvm::gas] charging gas: OnBlockCreate 0
[2022-12-16T11:05:15Z DEBUG fvm::machine::default] initializing a new machine, epoch=0, base_fee=0.0000000000000001, nv=V18, root=bafy2bzaceakdglitbiouhirqmrr36ibbx4ber4qrw2kuf4p7c3vya36exx3mg
[2022-12-16T11:05:15Z TRACE fvm::gas] charging gas: OnBlockCreate 0
[2022-12-16T11:05:15Z DEBUG fvm::machine::default] initializing a new machine, epoch=0, base_fee=0.0000000000000001, nv=V18, root=bafy2bzaceakdglitbiouhirqmrr36ibbx4ber4qrw2kuf4p7c3vya36exx3mg
[2022-12-16T11:05:15Z TRACE fvm::gas] charging gas: OnBlockCreate 0
[2022-12-16T11:05:15Z DEBUG fvm::machine::default] initializing a new machine, epoch=0, base_fee=0.0000000000000001, nv=V18, root=bafy2bzaceakdglitbiouhirqmrr36ibbx4ber4qrw2kuf4p7c3vya36exx3mg
[2022-12-16T11:05:15Z TRACE fvm::gas] charging gas: OnBlockCreate 0
[2022-12-16T11:05:15Z DEBUG fvm::machine::default] initializing a new machine, epoch=0, base_fee=0.0000000000000001, nv=V18, root=bafy2bzaceakdglitbiouhirqmrr36ibbx4ber4qrw2kuf4p7c3vya36exx3mg
[2022-12-16T11:05:15Z TRACE fvm::gas] charging gas: OnBlockCreate 0
[2022-12-16T11:05:15Z DEBUG fvm::machine::default] initializing a new machine, epoch=0, base_fee=0.0000000000000001, nv=V18, root=bafy2bzaceakdglitbiouhirqmrr36ibbx4ber4qrw2kuf4p7c3vya36exx3mg
[2022-12-16T11:05:15Z TRACE fvm::gas] charging gas: OnBlockCreate 0
[2022-12-16T11:05:15Z DEBUG fvm::machine::default] initializing a new machine, epoch=0, base_fee=0.0000000000000001, nv=V18, root=bafy2bzaceakdglitbiouhirqmrr36ibbx4ber4qrw2kuf4p7c3vya36exx3mg
[2022-12-16T11:05:15Z TRACE fvm::gas] charging gas: OnBlockCreate 0
[2022-12-16T11:05:15Z DEBUG fvm::machine::default] initializing a new machine, epoch=0, base_fee=0.0000000000000001, nv=V18, root=bafy2bzaceakdglitbiouhirqmrr36ibbx4ber4qrw2kuf4p7c3vya36exx3mg
[2022-12-16T11:05:15Z TRACE fvm::gas] charging gas: OnBlockCreate 0
[2022-12-16T11:05:15Z DEBUG fvm::machine::default] initializing a new machine, epoch=0, base_fee=0.0000000000000001, nv=V18, root=bafy2bzaceakdglitbiouhirqmrr36ibbx4ber4qrw2kuf4p7c3vya36exx3mg
[2022-12-16T11:05:15Z TRACE fvm::gas] charging gas: OnBlockCreate 0
[2022-12-16T11:05:15Z DEBUG fvm::machine::default] initializing a new machine, epoch=0, base_fee=0.0000000000000001, nv=V18, root=bafy2bzaceakdglitbiouhirqmrr36ibbx4ber4qrw2kuf4p7c3vya36exx3mg
[2022-12-16T11:05:15Z TRACE fvm::gas] charging gas: OnBlockCreate 0
[2022-12-16T11:05:15Z DEBUG fvm::machine::default] initializing a new machine, epoch=0, base_fee=0.0000000000000001, nv=V18, root=bafy2bzaceakdglitbiouhirqmrr36ibbx4ber4qrw2kuf4p7c3vya36exx3mg
[2022-12-16T11:05:15Z TRACE fvm::gas] charging gas: OnBlockCreate 0
[2022-12-16T11:05:15Z DEBUG fvm::machine::default] initializing a new machine, epoch=0, base_fee=0.0000000000000001, nv=V18, root=bafy2bzaceakdglitbiouhirqmrr36ibbx4ber4qrw2kuf4p7c3vya36exx3mg
[2022-12-16T11:05:15Z TRACE fvm::gas] charging gas: OnBlockCreate 0
[2022-12-16T11:05:16Z DEBUG fvm::machine::default] initializing a new machine, epoch=0, base_fee=0.0000000000000001, nv=V18, root=bafy2bzaceakdglitbiouhirqmrr36ibbx4ber4qrw2kuf4p7c3vya36exx3mg
[2022-12-16T11:05:16Z TRACE fvm::gas] charging gas: OnBlockCreate 0
[2022-12-16T11:05:16Z DEBUG fvm::machine::default] initializing a new machine, epoch=0, base_fee=0.0000000000000001, nv=V18, root=bafy2bzaceakdglitbiouhirqmrr36ibbx4ber4qrw2kuf4p7c3vya36exx3mg
[2022-12-16T11:05:16Z TRACE fvm::gas] charging gas: OnBlockCreate 0
[2022-12-16T11:05:16Z DEBUG fvm::machine::default] initializing a new machine, epoch=0, base_fee=0.0000000000000001, nv=V18, root=bafy2bzaceakdglitbiouhirqmrr36ibbx4ber4qrw2kuf4p7c3vya36exx3mg
[2022-12-16T11:05:16Z TRACE fvm::gas] charging gas: OnBlockCreate 0
[2022-12-16T11:05:16Z DEBUG fvm::machine::default] initializing a new machine, epoch=0, base_fee=0.0000000000000001, nv=V18, root=bafy2bzaceakdglitbiouhirqmrr36ibbx4ber4qrw2kuf4p7c3vya36exx3mg
[2022-12-16T11:05:16Z TRACE fvm::gas] charging gas: OnBlockCreate 0
[2022-12-16T11:05:16Z DEBUG fvm::machine::default] initializing a new machine, epoch=0, base_fee=0.0000000000000001, nv=V18, root=bafy2bzaceakdglitbiouhirqmrr36ibbx4ber4qrw2kuf4p7c3vya36exx3mg
[2022-12-16T11:05:16Z TRACE fvm::gas] charging gas: OnBlockCreate 0
[2022-12-16T11:05:16Z DEBUG fvm::machine::default] initializing a new machine, epoch=0, base_fee=0.0000000000000001, nv=V18, root=bafy2bzaceakdglitbiouhirqmrr36ibbx4ber4qrw2kuf4p7c3vya36exx3mg
[2022-12-16T11:05:16Z TRACE fvm::gas] charging gas: OnBlockCreate 0
[2022-12-16T11:05:16Z DEBUG fvm::machine::default] initializing a new machine, epoch=0, base_fee=0.0000000000000001, nv=V18, root=bafy2bzaceakdglitbiouhirqmrr36ibbx4ber4qrw2kuf4p7c3vya36exx3mg
[2022-12-16T11:05:16Z TRACE fvm::gas] charging gas: OnBlockCreate 0
[2022-12-16T11:05:16Z DEBUG fvm::machine::default] initializing a new machine, epoch=0, base_fee=0.0000000000000001, nv=V18, root=bafy2bzaceakdglitbiouhirqmrr36ibbx4ber4qrw2kuf4p7c3vya36exx3mg
[2022-12-16T11:05:16Z TRACE fvm::gas] charging gas: OnBlockCreate 0
[2022-12-16T11:05:16Z DEBUG fvm::machine::default] initializing a new machine, epoch=0, base_fee=0.0000000000000001, nv=V18, root=bafy2bzaceakdglitbiouhirqmrr36ibbx4ber4qrw2kuf4p7c3vya36exx3mg
[2022-12-16T11:05:16Z TRACE fvm::gas] charging gas: OnBlockCreate 0
[2022-12-16T11:05:16Z DEBUG fvm::machine::default] initializing a new machine, epoch=0, base_fee=0.0000000000000001, nv=V18, root=bafy2bzaceakdglitbiouhirqmrr36ibbx4ber4qrw2kuf4p7c3vya36exx3mg
[2022-12-16T11:05:16Z TRACE fvm::gas] charging gas: OnBlockCreate 0
[2022-12-16T11:05:16Z DEBUG fvm::machine::default] initializing a new machine, epoch=0, base_fee=0.0000000000000001, nv=V18, root=bafy2bzaceakdglitbiouhirqmrr36ibbx4ber4qrw2kuf4p7c3vya36exx3mg
[2022-12-16T11:05:16Z TRACE fvm::gas] charging gas: OnBlockCreate 0
[2022-12-16T11:05:16Z DEBUG fvm::machine::default] initializing a new machine, epoch=0, base_fee=0.0000000000000001, nv=V18, root=bafy2bzaceakdglitbiouhirqmrr36ibbx4ber4qrw2kuf4p7c3vya36exx3mg
[2022-12-16T11:05:17Z TRACE fvm::gas] charging gas: OnBlockCreate 0
[2022-12-16T11:05:17Z DEBUG fvm::machine::default] initializing a new machine, epoch=0, base_fee=0.0000000000000001, nv=V18, root=bafy2bzaceakdglitbiouhirqmrr36ibbx4ber4qrw2kuf4p7c3vya36exx3mg
[2022-12-16T11:05:17Z TRACE fvm::gas] charging gas: OnBlockCreate 0
[2022-12-16T11:05:17Z DEBUG fvm::machine::default] initializing a new machine, epoch=0, base_fee=0.0000000000000001, nv=V18, root=bafy2bzaceakdglitbiouhirqmrr36ibbx4ber4qrw2kuf4p7c3vya36exx3mg
[2022-12-16T11:05:17Z TRACE fvm::gas] charging gas: OnBlockCreate 0
[2022-12-16T11:05:17Z DEBUG fvm::machine::default] initializing a new machine, epoch=0, base_fee=0.0000000000000001, nv=V18, root=bafy2bzaceakdglitbiouhirqmrr36ibbx4ber4qrw2kuf4p7c3vya36exx3mg
[2022-12-16T11:05:17Z TRACE fvm::gas] charging gas: OnBlockCreate 0
[2022-12-16T11:05:17Z DEBUG fvm::machine::default] initializing a new machine, epoch=0, base_fee=0.0000000000000001, nv=V18, root=bafy2bzaceakdglitbiouhirqmrr36ibbx4ber4qrw2kuf4p7c3vya36exx3mg
[2022-12-16T11:05:17Z TRACE fvm::gas] charging gas: OnBlockCreate 0
[2022-12-16T11:05:17Z DEBUG fvm::machine::default] initializing a new machine, epoch=0, base_fee=0.0000000000000001, nv=V18, root=bafy2bzaceakdglitbiouhirqmrr36ibbx4ber4qrw2kuf4p7c3vya36exx3mg
[2022-12-16T11:05:17Z TRACE fvm::gas] charging gas: OnBlockCreate 0
[2022-12-16T11:05:17Z DEBUG fvm::machine::default] initializing a new machine, epoch=0, base_fee=0.0000000000000001, nv=V18, root=bafy2bzaceakdglitbiouhirqmrr36ibbx4ber4qrw2kuf4p7c3vya36exx3mg
[2022-12-16T11:05:17Z TRACE fvm::gas] charging gas: OnBlockCreate 0
[2022-12-16T11:05:17Z DEBUG fvm::machine::default] initializing a new machine, epoch=0, base_fee=0.0000000000000001, nv=V18, root=bafy2bzaceakdglitbiouhirqmrr36ibbx4ber4qrw2kuf4p7c3vya36exx3mg
[2022-12-16T11:05:17Z TRACE fvm::gas] charging gas: OnBlockCreate 0
[2022-12-16T11:05:17Z DEBUG fvm::machine::default] initializing a new machine, epoch=0, base_fee=0.0000000000000001, nv=V18, root=bafy2bzaceakdglitbiouhirqmrr36ibbx4ber4qrw2kuf4p7c3vya36exx3mg
[2022-12-16T11:05:17Z TRACE fvm::gas] charging gas: OnBlockCreate 0
[2022-12-16T11:05:17Z DEBUG fvm::machine::default] initializing a new machine, epoch=0, base_fee=0.0000000000000001, nv=V18, root=bafy2bzaceakdglitbiouhirqmrr36ibbx4ber4qrw2kuf4p7c3vya36exx3mg
[2022-12-16T11:05:17Z TRACE fvm::gas] charging gas: OnBlockCreate 0
[2022-12-16T11:05:17Z DEBUG fvm::machine::default] initializing a new machine, epoch=0, base_fee=0.0000000000000001, nv=V18, root=bafy2bzaceakdglitbiouhirqmrr36ibbx4ber4qrw2kuf4p7c3vya36exx3mg
[2022-12-16T11:05:17Z TRACE fvm::gas] charging gas: OnBlockCreate 0
[2022-12-16T11:05:17Z DEBUG fvm::machine::default] initializing a new machine, epoch=0, base_fee=0.0000000000000001, nv=V18, root=bafy2bzaceakdglitbiouhirqmrr36ibbx4ber4qrw2kuf4p7c3vya36exx3mg
[2022-12-16T11:05:17Z TRACE fvm::gas] charging gas: OnBlockCreate 0
[2022-12-16T11:05:17Z DEBUG fvm::machine::default] initializing a new machine, epoch=0, base_fee=0.0000000000000001, nv=V18, root=bafy2bzaceakdglitbiouhirqmrr36ibbx4ber4qrw2kuf4p7c3vya36exx3mg
[2022-12-16T11:05:17Z TRACE fvm::gas] charging gas: OnBlockCreate 0
[2022-12-16T11:05:17Z DEBUG fvm::machine::default] initializing a new machine, epoch=0, base_fee=0.0000000000000001, nv=V18, root=bafy2bzaceakdglitbiouhirqmrr36ibbx4ber4qrw2kuf4p7c3vya36exx3mg
[2022-12-16T11:05:17Z TRACE fvm::gas] charging gas: OnBlockCreate 0
[2022-12-16T11:05:17Z DEBUG fvm::machine::default] initializing a new machine, epoch=0, base_fee=0.0000000000000001, nv=V18, root=bafy2bzaceakdglitbiouhirqmrr36ibbx4ber4qrw2kuf4p7c3vya36exx3mg
[2022-12-16T11:05:17Z TRACE fvm::gas] charging gas: OnBlockCreate 0
[2022-12-16T11:05:17Z DEBUG fvm::machine::default] initializing a new machine, epoch=0, base_fee=0.0000000000000001, nv=V18, root=bafy2bzaceakdglitbiouhirqmrr36ibbx4ber4qrw2kuf4p7c3vya36exx3mg
[2022-12-16T11:05:17Z TRACE fvm::gas] charging gas: OnBlockCreate 0
[2022-12-16T11:05:18Z DEBUG fvm::machine::default] initializing a new machine, epoch=0, base_fee=0.0000000000000001, nv=V18, root=bafy2bzaceakdglitbiouhirqmrr36ibbx4ber4qrw2kuf4p7c3vya36exx3mg
[2022-12-16T11:05:18Z TRACE fvm::gas] charging gas: OnBlockCreate 0
[2022-12-16T11:05:18Z DEBUG fvm::machine::default] initializing a new machine, epoch=0, base_fee=0.0000000000000001, nv=V18, root=bafy2bzaceakdglitbiouhirqmrr36ibbx4ber4qrw2kuf4p7c3vya36exx3mg
[2022-12-16T11:05:18Z TRACE fvm::gas] charging gas: OnBlockCreate 0
[2022-12-16T11:05:18Z DEBUG fvm::machine::default] initializing a new machine, epoch=0, base_fee=0.0000000000000001, nv=V18, root=bafy2bzaceakdglitbiouhirqmrr36ibbx4ber4qrw2kuf4p7c3vya36exx3mg
[2022-12-16T11:05:18Z TRACE fvm::gas] charging gas: OnBlockCreate 0
[2022-12-16T11:05:18Z DEBUG fvm::machine::default] initializing a new machine, epoch=0, base_fee=0.0000000000000001, nv=V18, root=bafy2bzaceakdglitbiouhirqmrr36ibbx4ber4qrw2kuf4p7c3vya36exx3mg
[2022-12-16T11:05:18Z TRACE fvm::gas] charging gas: OnBlockCreate 0
[2022-12-16T11:05:18Z DEBUG fvm::machine::default] initializing a new machine, epoch=0, base_fee=0.0000000000000001, nv=V18, root=bafy2bzaceakdglitbiouhirqmrr36ibbx4ber4qrw2kuf4p7c3vya36exx3mg
[2022-12-16T11:05:18Z TRACE fvm::gas] charging gas: OnBlockCreate 0
[2022-12-16T11:05:18Z DEBUG fvm::machine::default] initializing a new machine, epoch=0, base_fee=0.0000000000000001, nv=V18, root=bafy2bzaceakdglitbiouhirqmrr36ibbx4ber4qrw2kuf4p7c3vya36exx3mg
[2022-12-16T11:05:18Z TRACE fvm::gas] charging gas: OnBlockCreate 0
[2022-12-16T11:05:18Z DEBUG fvm::machine::default] initializing a new machine, epoch=0, base_fee=0.0000000000000001, nv=V18, root=bafy2bzaceakdglitbiouhirqmrr36ibbx4ber4qrw2kuf4p7c3vya36exx3mg
[2022-12-16T11:05:18Z TRACE fvm::gas] charging gas: OnBlockCreate 0
[2022-12-16T11:05:18Z DEBUG fvm::machine::default] initializing a new machine, epoch=0, base_fee=0.0000000000000001, nv=V18, root=bafy2bzaceakdglitbiouhirqmrr36ibbx4ber4qrw2kuf4p7c3vya36exx3mg
[2022-12-16T11:05:18Z TRACE fvm::gas] charging gas: OnBlockCreate 0
#318	DONE   cov: 5170 ft: 5470 exec/s: 15 rss: 130Mb
MERGE-OUTER: successful in 1 attempt(s)
MERGE-OUTER: the control file has 109623 bytes
MERGE-OUTER: consumed 0Mb (87Mb rss) to parse the control file
MERGE-OUTER: 79 new files with 5470 new features added; 5170 new coverage edges
