WARNING: Failed to find function "__sanitizer_acquire_crash_state".
WARNING: Failed to find function "__sanitizer_print_stack_trace".
WARNING: Failed to find function "__sanitizer_set_death_callback".
INFO: Running with entropic power schedule (0xFF, 100).
INFO: Seed: 1647964526
MERGE-OUTER: 2359 files, 0 in the initial corpus, 0 processed earlier
MERGE-OUTER: attempt 1
WARNING: Failed to find function "__sanitizer_acquire_crash_state".
WARNING: Failed to find function "__sanitizer_print_stack_trace".
WARNING: Failed to find function "__sanitizer_set_death_callback".
INFO: Running with entropic power schedule (0xFF, 100).
INFO: Seed: 1647984824
INFO: -max_len is not provided; libFuzzer will not generate inputs larger than 1048576 bytes
MERGE-INNER: using the control file '/tmp/libFuzzerTemp.Merge172.txt'
MERGE-INNER: 2359 total files; 0 processed earlier; will process 2359 files now
#1	pulse  exec/s: 0 rss: 30Mb
#2	pulse  exec/s: 0 rss: 30Mb
#4	pulse  exec/s: 0 rss: 30Mb
#8	pulse  exec/s: 0 rss: 30Mb
#16	pulse  exec/s: 0 rss: 30Mb
#32	pulse  exec/s: 0 rss: 30Mb
#64	pulse  exec/s: 0 rss: 30Mb
#128	pulse  exec/s: 64 rss: 76Mb
#256	pulse  exec/s: 32 rss: 76Mb
#512	pulse  exec/s: 20 rss: 76Mb
#1024	pulse  exec/s: 17 rss: 77Mb
#2048	pulse  exec/s: 18 rss: 79Mb
#2359	DONE   exec/s: 19 rss: 79Mb
MERGE-OUTER: successful in 1 attempt(s)
MERGE-OUTER: the control file has 267850 bytes
MERGE-OUTER: consumed 0Mb (30Mb rss) to parse the control file
MERGE-OUTER: 0 new files with 0 new features added; 0 new coverage edges
