INFO: Running with entropic power schedule (0xFF, 100).
INFO: Seed: 3534936144
INFO: Loaded 1 modules   (100294 inline 8-bit counters): 100294 [0x561c23830bc0, 0x561c23849386), 
INFO: Loaded 1 PC tables (100294 PCs): 100294 [0x561c23849388,0x561c239d0fe8), 
MERGE-OUTER: 1337 files, 0 in the initial corpus, 0 processed earlier
MERGE-OUTER: attempt 1
INFO: Running with entropic power schedule (0xFF, 100).
INFO: Seed: 3534956925
INFO: Loaded 1 modules   (100294 inline 8-bit counters): 100294 [0x5589c01e5bc0, 0x5589c01fe386), 
INFO: Loaded 1 PC tables (100294 PCs): 100294 [0x5589c01fe388,0x5589c0385fe8), 
INFO: -max_len is not provided; libFuzzer will not generate inputs larger than 1048576 bytes
MERGE-INNER: using the control file '/tmp/libFuzzerTemp.Merge825.txt'
MERGE-INNER: 1337 total files; 0 processed earlier; will process 1337 files now
#1	pulse  cov: 89 ft: 90 exec/s: 0 rss: 37Mb
#2	pulse  cov: 92 ft: 94 exec/s: 0 rss: 38Mb
#4	pulse  cov: 623 ft: 632 exec/s: 0 rss: 40Mb
#8	pulse  cov: 660 ft: 687 exec/s: 0 rss: 40Mb
#16	pulse  cov: 714 ft: 955 exec/s: 0 rss: 41Mb
#32	pulse  cov: 767 ft: 1291 exec/s: 0 rss: 41Mb
#64	pulse  cov: 822 ft: 1742 exec/s: 0 rss: 42Mb
#128	pulse  cov: 1129 ft: 3428 exec/s: 0 rss: 44Mb
#256	pulse  cov: 1157 ft: 4799 exec/s: 0 rss: 47Mb
#512	pulse  cov: 1164 ft: 6110 exec/s: 0 rss: 54Mb
#1024	pulse  cov: 1174 ft: 7316 exec/s: 0 rss: 66Mb
#1337	DONE   cov: 1177 ft: 7584 exec/s: 1337 rss: 68Mb
MERGE-OUTER: successful in 1 attempt(s)
MERGE-OUTER: the control file has 211988 bytes
MERGE-OUTER: consumed 0Mb (40Mb rss) to parse the control file
MERGE-OUTER: 610 new files with 7584 new features added; 1177 new coverage edges
