INFO: Running with entropic power schedule (0xFF, 100).
INFO: Seed: 2357418941
INFO: Loaded 1 modules   (95774 inline 8-bit counters): 95774 [0x56434c490b70, 0x56434c4a818e), 
INFO: Loaded 1 PC tables (95774 PCs): 95774 [0x56434c4a8190,0x56434c61e370), 
MERGE-OUTER: 1352 files, 0 in the initial corpus, 0 processed earlier
MERGE-OUTER: attempt 1
INFO: Running with entropic power schedule (0xFF, 100).
INFO: Seed: 2357448515
INFO: Loaded 1 modules   (95774 inline 8-bit counters): 95774 [0x55fd9750cb70, 0x55fd9752418e), 
INFO: Loaded 1 PC tables (95774 PCs): 95774 [0x55fd97524190,0x55fd9769a370), 
INFO: -max_len is not provided; libFuzzer will not generate inputs larger than 1048576 bytes
MERGE-INNER: using the control file '/tmp/libFuzzerTemp.Merge448.txt'
MERGE-INNER: 1352 total files; 0 processed earlier; will process 1352 files now
#1	pulse  cov: 22 ft: 23 exec/s: 0 rss: 39Mb
#2	pulse  cov: 92 ft: 94 exec/s: 0 rss: 39Mb
#4	pulse  cov: 766 ft: 785 exec/s: 0 rss: 41Mb
#8	pulse  cov: 772 ft: 907 exec/s: 0 rss: 42Mb
#16	pulse  cov: 782 ft: 927 exec/s: 0 rss: 42Mb
#32	pulse  cov: 874 ft: 2246 exec/s: 0 rss: 43Mb
#64	pulse  cov: 943 ft: 2883 exec/s: 0 rss: 44Mb
#128	pulse  cov: 1198 ft: 4458 exec/s: 0 rss: 46Mb
#256	pulse  cov: 1272 ft: 6340 exec/s: 0 rss: 51Mb
#512	pulse  cov: 1334 ft: 7701 exec/s: 0 rss: 61Mb
#1024	pulse  cov: 1341 ft: 8890 exec/s: 1024 rss: 68Mb
#1352	DONE   cov: 1342 ft: 9174 exec/s: 676 rss: 73Mb
MERGE-OUTER: successful in 1 attempt(s)
MERGE-OUTER: the control file has 230929 bytes
MERGE-OUTER: consumed 0Mb (42Mb rss) to parse the control file
MERGE-OUTER: 708 new files with 9174 new features added; 1342 new coverage edges
