WARNING: Failed to find function "__sanitizer_acquire_crash_state".
WARNING: Failed to find function "__sanitizer_print_stack_trace".
WARNING: Failed to find function "__sanitizer_set_death_callback".
INFO: Running with entropic power schedule (0xFF, 100).
INFO: Seed: 2230802333
MERGE-OUTER: 155 files, 0 in the initial corpus, 0 processed earlier
MERGE-OUTER: attempt 1
WARNING: Failed to find function "__sanitizer_acquire_crash_state".
WARNING: Failed to find function "__sanitizer_print_stack_trace".
WARNING: Failed to find function "__sanitizer_set_death_callback".
INFO: Running with entropic power schedule (0xFF, 100).
INFO: Seed: 2230815228
INFO: -max_len is not provided; libFuzzer will not generate inputs larger than 1048576 bytes
MERGE-INNER: using the control file '/tmp/libFuzzerTemp.Merge127.txt'
MERGE-INNER: 155 total files; 0 processed earlier; will process 155 files now
#1	pulse  exec/s: 0 rss: 44Mb
#2	pulse  exec/s: 0 rss: 46Mb
#4	pulse  exec/s: 4 rss: 47Mb
#8	pulse  exec/s: 8 rss: 49Mb
#16	pulse  exec/s: 2 rss: 51Mb
#32	pulse  exec/s: 1 rss: 54Mb
#64	pulse  exec/s: 2 rss: 54Mb
#128	pulse  exec/s: 2 rss: 54Mb
#155	DONE   exec/s: 2 rss: 54Mb
MERGE-OUTER: successful in 1 attempt(s)
MERGE-OUTER: the control file has 18639 bytes
MERGE-OUTER: consumed 0Mb (28Mb rss) to parse the control file
MERGE-OUTER: 0 new files with 0 new features added; 0 new coverage edges
