WARNING: Failed to find function "__sanitizer_acquire_crash_state".
WARNING: Failed to find function "__sanitizer_print_stack_trace".
WARNING: Failed to find function "__sanitizer_set_death_callback".
INFO: Running with entropic power schedule (0xFF, 100).
INFO: Seed: 900507714
MERGE-OUTER: 12 files, 0 in the initial corpus, 0 processed earlier
MERGE-OUTER: attempt 1
WARNING: Failed to find function "__sanitizer_acquire_crash_state".
WARNING: Failed to find function "__sanitizer_print_stack_trace".
WARNING: Failed to find function "__sanitizer_set_death_callback".
INFO: Running with entropic power schedule (0xFF, 100).
INFO: Seed: 900520770
INFO: -max_len is not provided; libFuzzer will not generate inputs larger than 1048576 bytes
MERGE-INNER: using the control file '/tmp/libFuzzerTemp.Merge157.txt'
MERGE-INNER: 12 total files; 0 processed earlier; will process 12 files now
[2022-11-04T00:32:33Z DEBUG fvm_fuzz] Random fixture: "/github/workspace/build-out/instrument_with_mutate.options"
[2022-11-04T00:32:33Z DEBUG fvm_fuzz] Preseed 0
[2022-11-04T00:32:33Z DEBUG fvm_fuzz] stacked_mutations: 5
[2022-11-04T00:32:33Z DEBUG fvm_fuzz] Seed: 8100708189767581495
[2022-11-04T00:32:33Z DEBUG fvm_fuzz] Error: Error { kind: Parse(BinaryReaderError { inner: BinaryReaderErrorInner { message: "magic header not detected: bad magic number", offset: 0, needed_hint: None } }) }
[2022-11-04T00:32:33Z DEBUG fvm_fuzz] Seed: 18075600217600495122
[2022-11-04T00:32:33Z DEBUG fvm_fuzz] Error: Error { kind: Parse(BinaryReaderError { inner: BinaryReaderErrorInner { message: "magic header not detected: bad magic number", offset: 0, needed_hint: None } }) }
[2022-11-04T00:32:33Z DEBUG fvm_fuzz] Seed: 8525480561105331059
[2022-11-04T00:32:33Z DEBUG fvm_fuzz] Error: Error { kind: Parse(BinaryReaderError { inner: BinaryReaderErrorInner { message: "magic header not detected: bad magic number", offset: 0, needed_hint: None } }) }
[2022-11-04T00:32:33Z DEBUG fvm_fuzz] Seed: 16548187137891372853
[2022-11-04T00:32:33Z DEBUG fvm_fuzz] Error: Error { kind: Parse(BinaryReaderError { inner: BinaryReaderErrorInner { message: "magic header not detected: bad magic number", offset: 0, needed_hint: None } }) }
[2022-11-04T00:32:33Z DEBUG fvm_fuzz] Seed: 17394354212723026293
[2022-11-04T00:32:33Z DEBUG fvm_fuzz] Error: Error { kind: Parse(BinaryReaderError { inner: BinaryReaderErrorInner { message: "magic header not detected: bad magic number", offset: 0, needed_hint: None } }) }
[2022-11-04T00:32:33Z DEBUG fvm_fuzz] Seed: 10849406535690575840
[2022-11-04T00:32:33Z DEBUG fvm_fuzz] Error: Error { kind: Parse(BinaryReaderError { inner: BinaryReaderErrorInner { message: "magic header not detected: bad magic number", offset: 0, needed_hint: None } }) }
#1	pulse  exec/s: 0 rss: 32Mb
[2022-11-04T00:32:33Z DEBUG fvm_fuzz] Random fixture: "/github/workspace/build-out/instrument_with_mutate"
[2022-11-04T00:32:34Z DEBUG fvm_fuzz] Preseed 0
[2022-11-04T00:32:34Z DEBUG fvm_fuzz] stacked_mutations: 5
[2022-11-04T00:32:34Z DEBUG fvm_fuzz] Seed: 8100708189767581495
[2022-11-04T00:32:35Z DEBUG fvm_fuzz] Error: Error { kind: Parse(BinaryReaderError { inner: BinaryReaderErrorInner { message: "magic header not detected: bad magic number", offset: 0, needed_hint: None } }) }
[2022-11-04T00:32:35Z DEBUG fvm_fuzz] Seed: 18075600217600495122
[2022-11-04T00:32:35Z DEBUG fvm_fuzz] Error: Error { kind: Parse(BinaryReaderError { inner: BinaryReaderErrorInner { message: "magic header not detected: bad magic number", offset: 0, needed_hint: None } }) }
[2022-11-04T00:32:35Z DEBUG fvm_fuzz] Seed: 8525480561105331059
[2022-11-04T00:32:35Z DEBUG fvm_fuzz] Error: Error { kind: Parse(BinaryReaderError { inner: BinaryReaderErrorInner { message: "magic header not detected: bad magic number", offset: 0, needed_hint: None } }) }
[2022-11-04T00:32:35Z DEBUG fvm_fuzz] Seed: 16548187137891372853
[2022-11-04T00:32:35Z DEBUG fvm_fuzz] Error: Error { kind: Parse(BinaryReaderError { inner: BinaryReaderErrorInner { message: "magic header not detected: bad magic number", offset: 0, needed_hint: None } }) }
[2022-11-04T00:32:35Z DEBUG fvm_fuzz] Seed: 17394354212723026293
[2022-11-04T00:32:36Z DEBUG fvm_fuzz] Error: Error { kind: Parse(BinaryReaderError { inner: BinaryReaderErrorInner { message: "magic header not detected: bad magic number", offset: 0, needed_hint: None } }) }
[2022-11-04T00:32:36Z DEBUG fvm_fuzz] Seed: 10849406535690575840
[2022-11-04T00:32:36Z DEBUG fvm_fuzz] Error: Error { kind: Parse(BinaryReaderError { inner: BinaryReaderErrorInner { message: "magic header not detected: bad magic number", offset: 0, needed_hint: None } }) }
#2	pulse  exec/s: 0 rss: 1019Mb
[2022-11-04T00:32:36Z DEBUG fvm_fuzz] Random fixture: "/github/workspace/build-out/instrument_with_mutate"
[2022-11-04T00:32:36Z DEBUG fvm_fuzz] Preseed 10
[2022-11-04T00:32:36Z DEBUG fvm_fuzz] stacked_mutations: 7
[2022-11-04T00:32:36Z DEBUG fvm_fuzz] Seed: 4068538100526526629
[2022-11-04T00:32:36Z DEBUG fvm_fuzz] Error: Error { kind: Parse(BinaryReaderError { inner: BinaryReaderErrorInner { message: "magic header not detected: bad magic number", offset: 0, needed_hint: None } }) }
[2022-11-04T00:32:36Z DEBUG fvm_fuzz] Seed: 15262621999122172652
[2022-11-04T00:32:37Z DEBUG fvm_fuzz] Error: Error { kind: Parse(BinaryReaderError { inner: BinaryReaderErrorInner { message: "magic header not detected: bad magic number", offset: 0, needed_hint: None } }) }
[2022-11-04T00:32:37Z DEBUG fvm_fuzz] Seed: 13477352567712729312
[2022-11-04T00:32:37Z DEBUG fvm_fuzz] Error: Error { kind: Parse(BinaryReaderError { inner: BinaryReaderErrorInner { message: "magic header not detected: bad magic number", offset: 0, needed_hint: None } }) }
[2022-11-04T00:32:37Z DEBUG fvm_fuzz] Seed: 9167436658386038714
[2022-11-04T00:32:37Z DEBUG fvm_fuzz] Error: Error { kind: Parse(BinaryReaderError { inner: BinaryReaderErrorInner { message: "magic header not detected: bad magic number", offset: 0, needed_hint: None } }) }
[2022-11-04T00:32:37Z DEBUG fvm_fuzz] Seed: 11676484088340126653
[2022-11-04T00:32:37Z DEBUG fvm_fuzz] Error: Error { kind: Parse(BinaryReaderError { inner: BinaryReaderErrorInner { message: "magic header not detected: bad magic number", offset: 0, needed_hint: None } }) }
[2022-11-04T00:32:37Z DEBUG fvm_fuzz] Seed: 8000883293517565547
[2022-11-04T00:32:38Z DEBUG fvm_fuzz] Error: Error { kind: Parse(BinaryReaderError { inner: BinaryReaderErrorInner { message: "magic header not detected: bad magic number", offset: 0, needed_hint: None } }) }
[2022-11-04T00:32:38Z DEBUG fvm_fuzz] Seed: 833840872657488875
[2022-11-04T00:32:38Z DEBUG fvm_fuzz] Error: Error { kind: Parse(BinaryReaderError { inner: BinaryReaderErrorInner { message: "magic header not detected: bad magic number", offset: 0, needed_hint: None } }) }
[2022-11-04T00:32:38Z DEBUG fvm_fuzz] Seed: 4303432145073950651
[2022-11-04T00:32:38Z DEBUG fvm_fuzz] Error: Error { kind: Parse(BinaryReaderError { inner: BinaryReaderErrorInner { message: "magic header not detected: bad magic number", offset: 0, needed_hint: None } }) }
[2022-11-04T00:32:38Z DEBUG fvm_fuzz] Random fixture: "/github/workspace/build-out/instrument_with_mutate.options"
[2022-11-04T00:32:38Z DEBUG fvm_fuzz] Preseed 254
[2022-11-04T00:32:38Z DEBUG fvm_fuzz] stacked_mutations: 9
[2022-11-04T00:32:38Z DEBUG fvm_fuzz] Seed: 12200244195214469101
[2022-11-04T00:32:38Z DEBUG fvm_fuzz] Error: Error { kind: Parse(BinaryReaderError { inner: BinaryReaderErrorInner { message: "magic header not detected: bad magic number", offset: 0, needed_hint: None } }) }
[2022-11-04T00:32:38Z DEBUG fvm_fuzz] Seed: 13135438955233364840
[2022-11-04T00:32:38Z DEBUG fvm_fuzz] Error: Error { kind: Parse(BinaryReaderError { inner: BinaryReaderErrorInner { message: "magic header not detected: bad magic number", offset: 0, needed_hint: None } }) }
[2022-11-04T00:32:38Z DEBUG fvm_fuzz] Seed: 15999745586622466453
[2022-11-04T00:32:38Z DEBUG fvm_fuzz] Error: Error { kind: Parse(BinaryReaderError { inner: BinaryReaderErrorInner { message: "magic header not detected: bad magic number", offset: 0, needed_hint: None } }) }
[2022-11-04T00:32:38Z DEBUG fvm_fuzz] Seed: 14183297166980046417
[2022-11-04T00:32:38Z DEBUG fvm_fuzz] Error: Error { kind: Parse(BinaryReaderError { inner: BinaryReaderErrorInner { message: "magic header not detected: bad magic number", offset: 0, needed_hint: None } }) }
[2022-11-04T00:32:38Z DEBUG fvm_fuzz] Seed: 7211474869638281762
[2022-11-04T00:32:38Z DEBUG fvm_fuzz] Error: Error { kind: Parse(BinaryReaderError { inner: BinaryReaderErrorInner { message: "magic header not detected: bad magic number", offset: 0, needed_hint: None } }) }
[2022-11-04T00:32:38Z DEBUG fvm_fuzz] Seed: 605690070080765193
[2022-11-04T00:32:38Z DEBUG fvm_fuzz] Error: Error { kind: Parse(BinaryReaderError { inner: BinaryReaderErrorInner { message: "magic header not detected: bad magic number", offset: 0, needed_hint: None } }) }
[2022-11-04T00:32:38Z DEBUG fvm_fuzz] Seed: 4520044543402352242
[2022-11-04T00:32:38Z DEBUG fvm_fuzz] Error: Error { kind: Parse(BinaryReaderError { inner: BinaryReaderErrorInner { message: "magic header not detected: bad magic number", offset: 0, needed_hint: None } }) }
[2022-11-04T00:32:38Z DEBUG fvm_fuzz] Seed: 5024551991854307005
[2022-11-04T00:32:38Z DEBUG fvm_fuzz] Error: Error { kind: Parse(BinaryReaderError { inner: BinaryReaderErrorInner { message: "magic header not detected: bad magic number", offset: 0, needed_hint: None } }) }
[2022-11-04T00:32:38Z DEBUG fvm_fuzz] Seed: 17413776036575929438
[2022-11-04T00:32:38Z DEBUG fvm_fuzz] Error: Error { kind: Parse(BinaryReaderError { inner: BinaryReaderErrorInner { message: "magic header not detected: bad magic number", offset: 0, needed_hint: None } }) }
[2022-11-04T00:32:38Z DEBUG fvm_fuzz] Seed: 3309524492784828592
[2022-11-04T00:32:38Z DEBUG fvm_fuzz] Error: Error { kind: Parse(BinaryReaderError { inner: BinaryReaderErrorInner { message: "magic header not detected: bad magic number", offset: 0, needed_hint: None } }) }
#4	pulse  exec/s: 0 rss: 1019Mb
[2022-11-04T00:32:38Z DEBUG fvm_fuzz] Random fixture: "/github/workspace/build-out/execute"
[2022-11-04T00:32:39Z DEBUG fvm_fuzz] Preseed 253
[2022-11-04T00:32:39Z DEBUG fvm_fuzz] stacked_mutations: 3
[2022-11-04T00:32:39Z DEBUG fvm_fuzz] Seed: 3896797766221805150
[2022-11-04T00:32:40Z DEBUG fvm_fuzz] Error: Error { kind: Parse(BinaryReaderError { inner: BinaryReaderErrorInner { message: "magic header not detected: bad magic number", offset: 0, needed_hint: None } }) }
[2022-11-04T00:32:40Z DEBUG fvm_fuzz] Seed: 4513338346775069407
[2022-11-04T00:32:40Z DEBUG fvm_fuzz] Error: Error { kind: Parse(BinaryReaderError { inner: BinaryReaderErrorInner { message: "magic header not detected: bad magic number", offset: 0, needed_hint: None } }) }
[2022-11-04T00:32:40Z DEBUG fvm_fuzz] Seed: 10706589722132535632
[2022-11-04T00:32:40Z DEBUG fvm_fuzz] Error: Error { kind: Parse(BinaryReaderError { inner: BinaryReaderErrorInner { message: "magic header not detected: bad magic number", offset: 0, needed_hint: None } }) }
[2022-11-04T00:32:40Z DEBUG fvm_fuzz] Seed: 10417774216095715037
[2022-11-04T00:32:40Z DEBUG fvm_fuzz] Error: Error { kind: Parse(BinaryReaderError { inner: BinaryReaderErrorInner { message: "magic header not detected: bad magic number", offset: 0, needed_hint: None } }) }
[2022-11-04T00:32:40Z DEBUG fvm_fuzz] Random fixture: "/github/workspace/build-out/instrument_with_mutate.options"
[2022-11-04T00:32:40Z DEBUG fvm_fuzz] Preseed 63264
[2022-11-04T00:32:40Z DEBUG fvm_fuzz] stacked_mutations: 6
[2022-11-04T00:32:40Z DEBUG fvm_fuzz] Seed: 6774648258901531960
[2022-11-04T00:32:40Z DEBUG fvm_fuzz] Error: Error { kind: Parse(BinaryReaderError { inner: BinaryReaderErrorInner { message: "magic header not detected: bad magic number", offset: 0, needed_hint: None } }) }
[2022-11-04T00:32:40Z DEBUG fvm_fuzz] Seed: 13402990860533189618
[2022-11-04T00:32:40Z DEBUG fvm_fuzz] Error: Error { kind: Parse(BinaryReaderError { inner: BinaryReaderErrorInner { message: "magic header not detected: bad magic number", offset: 0, needed_hint: None } }) }
[2022-11-04T00:32:40Z DEBUG fvm_fuzz] Seed: 4639633432271415809
[2022-11-04T00:32:40Z DEBUG fvm_fuzz] Error: Error { kind: Parse(BinaryReaderError { inner: BinaryReaderErrorInner { message: "magic header not detected: bad magic number", offset: 0, needed_hint: None } }) }
[2022-11-04T00:32:40Z DEBUG fvm_fuzz] Seed: 11008292687384784842
[2022-11-04T00:32:40Z DEBUG fvm_fuzz] Error: Error { kind: Parse(BinaryReaderError { inner: BinaryReaderErrorInner { message: "magic header not detected: bad magic number", offset: 0, needed_hint: None } }) }
[2022-11-04T00:32:40Z DEBUG fvm_fuzz] Seed: 16070250621032327385
[2022-11-04T00:32:40Z DEBUG fvm_fuzz] Error: Error { kind: Parse(BinaryReaderError { inner: BinaryReaderErrorInner { message: "magic header not detected: bad magic number", offset: 0, needed_hint: None } }) }
[2022-11-04T00:32:40Z DEBUG fvm_fuzz] Seed: 14440084893294961637
[2022-11-04T00:32:40Z DEBUG fvm_fuzz] Error: Error { kind: Parse(BinaryReaderError { inner: BinaryReaderErrorInner { message: "magic header not detected: bad magic number", offset: 0, needed_hint: None } }) }
[2022-11-04T00:32:40Z DEBUG fvm_fuzz] Seed: 18302043366331079175
[2022-11-04T00:32:40Z DEBUG fvm_fuzz] Error: Error { kind: Parse(BinaryReaderError { inner: BinaryReaderErrorInner { message: "magic header not detected: bad magic number", offset: 0, needed_hint: None } }) }
[2022-11-04T00:32:40Z DEBUG fvm_fuzz] Random fixture: "/github/workspace/build-out/instrument_with_mutate.options"
[2022-11-04T00:32:40Z DEBUG fvm_fuzz] Preseed 62210
[2022-11-04T00:32:40Z DEBUG fvm_fuzz] stacked_mutations: 1
[2022-11-04T00:32:40Z DEBUG fvm_fuzz] Seed: 335729182512067720
[2022-11-04T00:32:40Z DEBUG fvm_fuzz] Error: Error { kind: Parse(BinaryReaderError { inner: BinaryReaderErrorInner { message: "magic header not detected: bad magic number", offset: 0, needed_hint: None } }) }
[2022-11-04T00:32:40Z DEBUG fvm_fuzz] Seed: 2603601421025323384
[2022-11-04T00:32:40Z DEBUG fvm_fuzz] Error: Error { kind: Parse(BinaryReaderError { inner: BinaryReaderErrorInner { message: "magic header not detected: bad magic number", offset: 0, needed_hint: None } }) }
[2022-11-04T00:32:40Z DEBUG fvm_fuzz] Random fixture: "/github/workspace/build-out/instrument_with_mutate.options"
[2022-11-04T00:32:40Z DEBUG fvm_fuzz] Preseed 16646016
[2022-11-04T00:32:40Z DEBUG fvm_fuzz] stacked_mutations: 5
[2022-11-04T00:32:40Z DEBUG fvm_fuzz] Seed: 13098080669348722999
[2022-11-04T00:32:40Z DEBUG fvm_fuzz] Error: Error { kind: Parse(BinaryReaderError { inner: BinaryReaderErrorInner { message: "magic header not detected: bad magic number", offset: 0, needed_hint: None } }) }
[2022-11-04T00:32:40Z DEBUG fvm_fuzz] Seed: 14872224206571586079
[2022-11-04T00:32:40Z DEBUG fvm_fuzz] Error: Error { kind: Parse(BinaryReaderError { inner: BinaryReaderErrorInner { message: "magic header not detected: bad magic number", offset: 0, needed_hint: None } }) }
[2022-11-04T00:32:40Z DEBUG fvm_fuzz] Seed: 7141027982307927120
[2022-11-04T00:32:40Z DEBUG fvm_fuzz] Error: Error { kind: Parse(BinaryReaderError { inner: BinaryReaderErrorInner { message: "magic header not detected: bad magic number", offset: 0, needed_hint: None } }) }
[2022-11-04T00:32:40Z DEBUG fvm_fuzz] Seed: 10627178579808069822
[2022-11-04T00:32:40Z DEBUG fvm_fuzz] Error: Error { kind: Parse(BinaryReaderError { inner: BinaryReaderErrorInner { message: "magic header not detected: bad magic number", offset: 0, needed_hint: None } }) }
[2022-11-04T00:32:40Z DEBUG fvm_fuzz] Seed: 5600971968492936875
[2022-11-04T00:32:40Z DEBUG fvm_fuzz] Error: Error { kind: Parse(BinaryReaderError { inner: BinaryReaderErrorInner { message: "magic header not detected: bad magic number", offset: 0, needed_hint: None } }) }
[2022-11-04T00:32:40Z DEBUG fvm_fuzz] Seed: 13232807170914649421
[2022-11-04T00:32:40Z DEBUG fvm_fuzz] Error: Error { kind: Parse(BinaryReaderError { inner: BinaryReaderErrorInner { message: "magic header not detected: bad magic number", offset: 0, needed_hint: None } }) }
#8	pulse  exec/s: 1 rss: 1100Mb
[2022-11-04T00:32:40Z DEBUG fvm_fuzz] Random fixture: "/github/workspace/build-out/instrument_with_mutate.options"
[2022-11-04T00:32:40Z DEBUG fvm_fuzz] Preseed 512
[2022-11-04T00:32:40Z DEBUG fvm_fuzz] stacked_mutations: 8
[2022-11-04T00:32:40Z DEBUG fvm_fuzz] Seed: 13488248515548445384
[2022-11-04T00:32:40Z DEBUG fvm_fuzz] Error: Error { kind: Parse(BinaryReaderError { inner: BinaryReaderErrorInner { message: "magic header not detected: bad magic number", offset: 0, needed_hint: None } }) }
[2022-11-04T00:32:40Z DEBUG fvm_fuzz] Seed: 2249609687389775738
[2022-11-04T00:32:40Z DEBUG fvm_fuzz] Error: Error { kind: Parse(BinaryReaderError { inner: BinaryReaderErrorInner { message: "magic header not detected: bad magic number", offset: 0, needed_hint: None } }) }
[2022-11-04T00:32:40Z DEBUG fvm_fuzz] Seed: 14710426508434169072
[2022-11-04T00:32:40Z DEBUG fvm_fuzz] Error: Error { kind: Parse(BinaryReaderError { inner: BinaryReaderErrorInner { message: "magic header not detected: bad magic number", offset: 0, needed_hint: None } }) }
[2022-11-04T00:32:40Z DEBUG fvm_fuzz] Seed: 7886281690677579981
[2022-11-04T00:32:40Z DEBUG fvm_fuzz] Error: Error { kind: Parse(BinaryReaderError { inner: BinaryReaderErrorInner { message: "magic header not detected: bad magic number", offset: 0, needed_hint: None } }) }
[2022-11-04T00:32:40Z DEBUG fvm_fuzz] Seed: 16946038405581893988
[2022-11-04T00:32:40Z DEBUG fvm_fuzz] Error: Error { kind: Parse(BinaryReaderError { inner: BinaryReaderErrorInner { message: "magic header not detected: bad magic number", offset: 0, needed_hint: None } }) }
[2022-11-04T00:32:40Z DEBUG fvm_fuzz] Seed: 7659934816865302422
[2022-11-04T00:32:40Z DEBUG fvm_fuzz] Error: Error { kind: Parse(BinaryReaderError { inner: BinaryReaderErrorInner { message: "magic header not detected: bad magic number", offset: 0, needed_hint: None } }) }
[2022-11-04T00:32:40Z DEBUG fvm_fuzz] Seed: 13223175617814958883
[2022-11-04T00:32:40Z DEBUG fvm_fuzz] Error: Error { kind: Parse(BinaryReaderError { inner: BinaryReaderErrorInner { message: "magic header not detected: bad magic number", offset: 0, needed_hint: None } }) }
[2022-11-04T00:32:40Z DEBUG fvm_fuzz] Seed: 17206215330386941616
[2022-11-04T00:32:40Z DEBUG fvm_fuzz] Error: Error { kind: Parse(BinaryReaderError { inner: BinaryReaderErrorInner { message: "magic header not detected: bad magic number", offset: 0, needed_hint: None } }) }
[2022-11-04T00:32:40Z DEBUG fvm_fuzz] Seed: 13211016248522547941
[2022-11-04T00:32:40Z DEBUG fvm_fuzz] Error: Error { kind: Parse(BinaryReaderError { inner: BinaryReaderErrorInner { message: "magic header not detected: bad magic number", offset: 0, needed_hint: None } }) }
[2022-11-04T00:32:40Z DEBUG fvm_fuzz] Random fixture: "/github/workspace/build-out/instrument_with_mutate.options"
[2022-11-04T00:32:40Z DEBUG fvm_fuzz] Preseed 131574
[2022-11-04T00:32:40Z DEBUG fvm_fuzz] stacked_mutations: 2
[2022-11-04T00:32:40Z DEBUG fvm_fuzz] Seed: 5624945191864840089
[2022-11-04T00:32:40Z DEBUG fvm_fuzz] Error: Error { kind: Parse(BinaryReaderError { inner: BinaryReaderErrorInner { message: "magic header not detected: bad magic number", offset: 0, needed_hint: None } }) }
[2022-11-04T00:32:40Z DEBUG fvm_fuzz] Seed: 12286163337424584634
[2022-11-04T00:32:40Z DEBUG fvm_fuzz] Error: Error { kind: Parse(BinaryReaderError { inner: BinaryReaderErrorInner { message: "magic header not detected: bad magic number", offset: 0, needed_hint: None } }) }
[2022-11-04T00:32:40Z DEBUG fvm_fuzz] Seed: 7634071209936306023
[2022-11-04T00:32:40Z DEBUG fvm_fuzz] Error: Error { kind: Parse(BinaryReaderError { inner: BinaryReaderErrorInner { message: "magic header not detected: bad magic number", offset: 0, needed_hint: None } }) }
[2022-11-04T00:32:40Z DEBUG fvm_fuzz] Random fixture: "/github/workspace/build-out/instrument_with_mutate"
[2022-11-04T00:32:41Z DEBUG fvm_fuzz] Preseed 2199023452160
[2022-11-04T00:32:41Z DEBUG fvm_fuzz] stacked_mutations: 6
[2022-11-04T00:32:41Z DEBUG fvm_fuzz] Seed: 3072074847010339215
[2022-11-04T00:32:41Z DEBUG fvm_fuzz] Error: Error { kind: Parse(BinaryReaderError { inner: BinaryReaderErrorInner { message: "magic header not detected: bad magic number", offset: 0, needed_hint: None } }) }
[2022-11-04T00:32:41Z DEBUG fvm_fuzz] Seed: 2571945619973459057
[2022-11-04T00:32:41Z DEBUG fvm_fuzz] Error: Error { kind: Parse(BinaryReaderError { inner: BinaryReaderErrorInner { message: "magic header not detected: bad magic number", offset: 0, needed_hint: None } }) }
[2022-11-04T00:32:41Z DEBUG fvm_fuzz] Seed: 15520997864567880174
[2022-11-04T00:32:41Z DEBUG fvm_fuzz] Error: Error { kind: Parse(BinaryReaderError { inner: BinaryReaderErrorInner { message: "magic header not detected: bad magic number", offset: 0, needed_hint: None } }) }
[2022-11-04T00:32:41Z DEBUG fvm_fuzz] Seed: 1664445285854594491
[2022-11-04T00:32:42Z DEBUG fvm_fuzz] Error: Error { kind: Parse(BinaryReaderError { inner: BinaryReaderErrorInner { message: "magic header not detected: bad magic number", offset: 0, needed_hint: None } }) }
[2022-11-04T00:32:42Z DEBUG fvm_fuzz] Seed: 5947042430225485673
[2022-11-04T00:32:42Z DEBUG fvm_fuzz] Error: Error { kind: Parse(BinaryReaderError { inner: BinaryReaderErrorInner { message: "magic header not detected: bad magic number", offset: 0, needed_hint: None } }) }
[2022-11-04T00:32:42Z DEBUG fvm_fuzz] Seed: 6159560801618926167
[2022-11-04T00:32:42Z DEBUG fvm_fuzz] Error: Error { kind: Parse(BinaryReaderError { inner: BinaryReaderErrorInner { message: "magic header not detected: bad magic number", offset: 0, needed_hint: None } }) }
[2022-11-04T00:32:42Z DEBUG fvm_fuzz] Seed: 15912924332515959126
[2022-11-04T00:32:42Z DEBUG fvm_fuzz] Error: Error { kind: Parse(BinaryReaderError { inner: BinaryReaderErrorInner { message: "magic header not detected: bad magic number", offset: 0, needed_hint: None } }) }
[2022-11-04T00:32:42Z DEBUG fvm_fuzz] Random fixture: "/github/workspace/build-out/instrument_with_mutate.options"
[2022-11-04T00:32:42Z DEBUG fvm_fuzz] Preseed 562961663918080
[2022-11-04T00:32:42Z DEBUG fvm_fuzz] stacked_mutations: 7
[2022-11-04T00:32:42Z DEBUG fvm_fuzz] Seed: 10068990318876298841
[2022-11-04T00:32:42Z DEBUG fvm_fuzz] Error: Error { kind: Parse(BinaryReaderError { inner: BinaryReaderErrorInner { message: "magic header not detected: bad magic number", offset: 0, needed_hint: None } }) }
[2022-11-04T00:32:42Z DEBUG fvm_fuzz] Seed: 2028743528653570061
[2022-11-04T00:32:42Z DEBUG fvm_fuzz] Error: Error { kind: Parse(BinaryReaderError { inner: BinaryReaderErrorInner { message: "magic header not detected: bad magic number", offset: 0, needed_hint: None } }) }
[2022-11-04T00:32:42Z DEBUG fvm_fuzz] Seed: 6496321649666715894
[2022-11-04T00:32:42Z DEBUG fvm_fuzz] Error: Error { kind: Parse(BinaryReaderError { inner: BinaryReaderErrorInner { message: "magic header not detected: bad magic number", offset: 0, needed_hint: None } }) }
[2022-11-04T00:32:42Z DEBUG fvm_fuzz] Seed: 2258364100878595539
[2022-11-04T00:32:42Z DEBUG fvm_fuzz] Error: Error { kind: Parse(BinaryReaderError { inner: BinaryReaderErrorInner { message: "magic header not detected: bad magic number", offset: 0, needed_hint: None } }) }
[2022-11-04T00:32:42Z DEBUG fvm_fuzz] Seed: 9638582194330345334
[2022-11-04T00:32:42Z DEBUG fvm_fuzz] Error: Error { kind: Parse(BinaryReaderError { inner: BinaryReaderErrorInner { message: "magic header not detected: bad magic number", offset: 0, needed_hint: None } }) }
[2022-11-04T00:32:42Z DEBUG fvm_fuzz] Seed: 15136716134297087191
[2022-11-04T00:32:42Z DEBUG fvm_fuzz] Error: Error { kind: Parse(BinaryReaderError { inner: BinaryReaderErrorInner { message: "magic header not detected: bad magic number", offset: 0, needed_hint: None } }) }
[2022-11-04T00:32:42Z DEBUG fvm_fuzz] Seed: 3392360418087723467
[2022-11-04T00:32:42Z DEBUG fvm_fuzz] Error: Error { kind: Parse(BinaryReaderError { inner: BinaryReaderErrorInner { message: "magic header not detected: bad magic number", offset: 0, needed_hint: None } }) }
[2022-11-04T00:32:42Z DEBUG fvm_fuzz] Seed: 9286783684064752705
[2022-11-04T00:32:42Z DEBUG fvm_fuzz] Error: Error { kind: Parse(BinaryReaderError { inner: BinaryReaderErrorInner { message: "magic header not detected: bad magic number", offset: 0, needed_hint: None } }) }
#12	DONE   exec/s: 1 rss: 1100Mb
MERGE-OUTER: successful in 1 attempt(s)
MERGE-OUTER: the control file has 1439 bytes
MERGE-OUTER: consumed 0Mb (28Mb rss) to parse the control file
MERGE-OUTER: 0 new files with 0 new features added; 0 new coverage edges
