INFO: Running with entropic power schedule (0xFF, 100).
INFO: Seed: 666174862
INFO: Loaded 1 modules   (84748 inline 8-bit counters): 84748 [0x5620df30aa70, 0x5620df31f57c), 
INFO: Loaded 1 PC tables (84748 PCs): 84748 [0x5620df31f580,0x5620df46a640), 
MERGE-OUTER: 885 files, 0 in the initial corpus, 0 processed earlier
MERGE-OUTER: attempt 1
INFO: Running with entropic power schedule (0xFF, 100).
INFO: Seed: 666195289
INFO: Loaded 1 modules   (84748 inline 8-bit counters): 84748 [0x556c06794a70, 0x556c067a957c), 
INFO: Loaded 1 PC tables (84748 PCs): 84748 [0x556c067a9580,0x556c068f4640), 
INFO: -max_len is not provided; libFuzzer will not generate inputs larger than 1048576 bytes
MERGE-INNER: using the control file '/tmp/libFuzzerTemp.Merge694.txt'
MERGE-INNER: 885 total files; 0 processed earlier; will process 885 files now
#1	pulse  cov: 14 ft: 15 exec/s: 0 rss: 38Mb
#2	pulse  cov: 119 ft: 121 exec/s: 0 rss: 39Mb
#4	pulse  cov: 602 ft: 621 exec/s: 0 rss: 40Mb
#8	pulse  cov: 612 ft: 677 exec/s: 0 rss: 42Mb
#16	pulse  cov: 622 ft: 756 exec/s: 0 rss: 42Mb
#32	pulse  cov: 798 ft: 1296 exec/s: 0 rss: 42Mb
#64	pulse  cov: 964 ft: 1813 exec/s: 0 rss: 43Mb
#128	pulse  cov: 1237 ft: 3634 exec/s: 0 rss: 45Mb
#256	pulse  cov: 1475 ft: 5342 exec/s: 0 rss: 50Mb
#512	pulse  cov: 1488 ft: 8016 exec/s: 0 rss: 60Mb
#885	DONE   cov: 1505 ft: 10222 exec/s: 442 rss: 71Mb
MERGE-OUTER: successful in 1 attempt(s)
MERGE-OUTER: the control file has 177235 bytes
MERGE-OUTER: consumed 0Mb (41Mb rss) to parse the control file
MERGE-OUTER: 845 new files with 10222 new features added; 1505 new coverage edges
